{"uuid":"13b1e01c-28c4-456c-bbb9-35d704c25bbc","historyId":"d210d0aeefd2db8a8b1ea0064a87c37","fullName":"src/test/resources/Features/7ArrayDS.feature:33","labels":[{"name":"tag","value":"Array"},{"name":"tag","value":"ArraysConcepts"},{"name":"host","value":"SIVPRIHAAN"},{"name":"thread","value":"104428@SIVPRIHAAN.TestNG-PoolService-9(54)"},{"name":"feature","value":"Testing Array Module functionality"},{"name":"story","value":"testing Arrays Functionality"},{"name":"suite","value":"Testing Array Module functionality"},{"name":"testClass","value":"testing Arrays Functionality"},{"name":"framework","value":"cucumber4jvm"},{"name":"language","value":"java"},{"name":"gherkin_uri","value":"file:///C:/Users/12159/git/DSAlgoProject/src/test/resources/Features/7ArrayDS.feature"},{"name":"package","value":"src.test.resources.Features.7ArrayDS_feature.Testing Array Module functionality"}],"links":[],"name":"testing Arrays Functionality","status":"broken","statusDetails":{"known":false,"muted":false,"flaky":false,"message":"element not interactable\n  (Session info: chrome=122.0.6261.131)\nBuild info: version: '4.18.1', revision: 'b1d3319b48'\nSystem info: os.name: 'Windows 11', os.arch: 'amd64', os.version: '10.0', java.version: '21.0.2'\nDriver info: org.openqa.selenium.chrome.ChromeDriver\nCommand: [4e2e1da7ce412a712a19d083be321722, sendKeysToElement {id=f.5BB8D1FA8258BAD68F7DE6966C11D485.d.E5DC1263BD91742A99E02BA6C2BADA45.e.31, value=[Ljava.lang.CharSequence;@5815d9d1}]\nCapabilities {acceptInsecureCerts: false, browserName: chrome, browserVersion: 122.0.6261.131, chrome: {chromedriverVersion: 122.0.6261.128 (f18a44fedeb..., userDataDir: C:\\Users\\12159\\AppData\\Loca...}, fedcm:accounts: true, goog:chromeOptions: {debuggerAddress: localhost:57857}, networkConnectionEnabled: false, pageLoadStrategy: normal, platformName: windows, proxy: Proxy(), se:cdp: ws://localhost:57857/devtoo..., se:cdpVersion: 122.0.6261.131, setWindowRect: true, strictFileInteractability: false, timeouts: {implicit: 0, pageLoad: 300000, script: 30000}, unhandledPromptBehavior: dismiss and notify, webauthn:extension:credBlob: true, webauthn:extension:largeBlob: true, webauthn:extension:minPinLength: true, webauthn:extension:prf: true, webauthn:virtualAuthenticators: true}\nElement: [[ChromeDriver: chrome on windows (4e2e1da7ce412a712a19d083be321722)] -> xpath: //form[@id='answer_form']/div/div/div/textarea]\nSession ID: 4e2e1da7ce412a712a19d083be321722","trace":"org.openqa.selenium.ElementNotInteractableException: element not interactable\n  (Session info: chrome=122.0.6261.131)\nBuild info: version: '4.18.1', revision: 'b1d3319b48'\nSystem info: os.name: 'Windows 11', os.arch: 'amd64', os.version: '10.0', java.version: '21.0.2'\nDriver info: org.openqa.selenium.chrome.ChromeDriver\nCommand: [4e2e1da7ce412a712a19d083be321722, sendKeysToElement {id=f.5BB8D1FA8258BAD68F7DE6966C11D485.d.E5DC1263BD91742A99E02BA6C2BADA45.e.31, value=[Ljava.lang.CharSequence;@5815d9d1}]\nCapabilities {acceptInsecureCerts: false, browserName: chrome, browserVersion: 122.0.6261.131, chrome: {chromedriverVersion: 122.0.6261.128 (f18a44fedeb..., userDataDir: C:\\Users\\12159\\AppData\\Loca...}, fedcm:accounts: true, goog:chromeOptions: {debuggerAddress: localhost:57857}, networkConnectionEnabled: false, pageLoadStrategy: normal, platformName: windows, proxy: Proxy(), se:cdp: ws://localhost:57857/devtoo..., se:cdpVersion: 122.0.6261.131, setWindowRect: true, strictFileInteractability: false, timeouts: {implicit: 0, pageLoad: 300000, script: 30000}, unhandledPromptBehavior: dismiss and notify, webauthn:extension:credBlob: true, webauthn:extension:largeBlob: true, webauthn:extension:minPinLength: true, webauthn:extension:prf: true, webauthn:virtualAuthenticators: true}\nElement: [[ChromeDriver: chrome on windows (4e2e1da7ce412a712a19d083be321722)] -> xpath: //form[@id='answer_form']/div/div/div/textarea]\nSession ID: 4e2e1da7ce412a712a19d083be321722\r\n\tat java.base/jdk.internal.reflect.DirectConstructorHandleAccessor.newInstance(DirectConstructorHandleAccessor.java:62)\r\n\tat java.base/java.lang.reflect.Constructor.newInstanceWithCaller(Constructor.java:502)\r\n\tat java.base/java.lang.reflect.Constructor.newInstance(Constructor.java:486)\r\n\tat org.openqa.selenium.remote.ErrorCodec.decode(ErrorCodec.java:167)\r\n\tat org.openqa.selenium.remote.codec.w3c.W3CHttpResponseCodec.decode(W3CHttpResponseCodec.java:138)\r\n\tat org.openqa.selenium.remote.codec.w3c.W3CHttpResponseCodec.decode(W3CHttpResponseCodec.java:50)\r\n\tat org.openqa.selenium.remote.HttpCommandExecutor.execute(HttpCommandExecutor.java:190)\r\n\tat org.openqa.selenium.remote.service.DriverCommandExecutor.invokeExecute(DriverCommandExecutor.java:216)\r\n\tat org.openqa.selenium.remote.service.DriverCommandExecutor.execute(DriverCommandExecutor.java:174)\r\n\tat org.openqa.selenium.remote.RemoteWebDriver.execute(RemoteWebDriver.java:519)\r\n\tat org.openqa.selenium.remote.RemoteWebElement.execute(RemoteWebElement.java:223)\r\n\tat org.openqa.selenium.remote.RemoteWebElement.sendKeys(RemoteWebElement.java:110)\r\n\tat dsalgo.pageobjects.ArraysPage.sendCodeToEditor(ArraysPage.java:83)\r\n\tat dsalgo.stepdefinitions.ArrayPageStepDefinitions.User_clicks_on_Run_Button_after_entering_code_(ArrayPageStepDefinitions.java:105)\r\n\tat âœ½.User clicks on Run Button after entering code \"Input and Output\" and 2(file:///C:/Users/12159/git/DSAlgoProject/src/test/resources/Features/7ArrayDS.feature:17)\r\n"},"stage":"finished","steps":[{"name":"Given  User logged in and is on on DSHome Page","status":"passed","statusDetails":{"known":false,"muted":false,"flaky":false},"stage":"finished","steps":[],"attachments":[],"parameters":[],"start":1710996012320,"stop":1710996016152},{"name":"When  User Clicks Get Started below ArrayDS","status":"passed","statusDetails":{"known":false,"muted":false,"flaky":false},"stage":"finished","steps":[],"attachments":[],"parameters":[],"start":1710996016152,"stop":1710996016309},{"name":"Then  User should be redirected to Array Page","status":"passed","statusDetails":{"known":false,"muted":false,"flaky":false},"stage":"finished","steps":[],"attachments":[],"parameters":[],"start":1710996016309,"stop":1710996016312},{"name":"Given  User is on Array page","status":"passed","statusDetails":{"known":false,"muted":false,"flaky":false},"stage":"finished","steps":[],"attachments":[],"parameters":[],"start":1710996016313,"stop":1710996016313},{"name":"When  User clicks on \"Applications of Array\" Link","status":"passed","statusDetails":{"known":false,"muted":false,"flaky":false},"stage":"finished","steps":[],"attachments":[],"parameters":[],"start":1710996016313,"stop":1710996016642},{"name":"Then  User should be redirected to clicked Page","status":"passed","statusDetails":{"known":false,"muted":false,"flaky":false},"stage":"finished","steps":[],"attachments":[],"parameters":[],"start":1710996016643,"stop":1710996016648},{"name":"When  User clicks on TryHere button","status":"passed","statusDetails":{"known":false,"muted":false,"flaky":false},"stage":"finished","steps":[],"attachments":[],"parameters":[],"start":1710996016649,"stop":1710996017159},{"name":"Then  User should be redirected to Editor's Page with Run button","status":"passed","statusDetails":{"known":false,"muted":false,"flaky":false},"stage":"finished","steps":[],"attachments":[],"parameters":[],"start":1710996017160,"stop":1710996017180},{"name":"When  User clicks on Run Button after entering code \"Input and Output\" and 2","status":"broken","statusDetails":{"known":false,"muted":false,"flaky":false,"message":"element not interactable\n  (Session info: chrome=122.0.6261.131)\nBuild info: version: '4.18.1', revision: 'b1d3319b48'\nSystem info: os.name: 'Windows 11', os.arch: 'amd64', os.version: '10.0', java.version: '21.0.2'\nDriver info: org.openqa.selenium.chrome.ChromeDriver\nCommand: [4e2e1da7ce412a712a19d083be321722, sendKeysToElement {id=f.5BB8D1FA8258BAD68F7DE6966C11D485.d.E5DC1263BD91742A99E02BA6C2BADA45.e.31, value=[Ljava.lang.CharSequence;@5815d9d1}]\nCapabilities {acceptInsecureCerts: false, browserName: chrome, browserVersion: 122.0.6261.131, chrome: {chromedriverVersion: 122.0.6261.128 (f18a44fedeb..., userDataDir: C:\\Users\\12159\\AppData\\Loca...}, fedcm:accounts: true, goog:chromeOptions: {debuggerAddress: localhost:57857}, networkConnectionEnabled: false, pageLoadStrategy: normal, platformName: windows, proxy: Proxy(), se:cdp: ws://localhost:57857/devtoo..., se:cdpVersion: 122.0.6261.131, setWindowRect: true, strictFileInteractability: false, timeouts: {implicit: 0, pageLoad: 300000, script: 30000}, unhandledPromptBehavior: dismiss and notify, webauthn:extension:credBlob: true, webauthn:extension:largeBlob: true, webauthn:extension:minPinLength: true, webauthn:extension:prf: true, webauthn:virtualAuthenticators: true}\nElement: [[ChromeDriver: chrome on windows (4e2e1da7ce412a712a19d083be321722)] -> xpath: //form[@id='answer_form']/div/div/div/textarea]\nSession ID: 4e2e1da7ce412a712a19d083be321722","trace":"org.openqa.selenium.ElementNotInteractableException: element not interactable\n  (Session info: chrome=122.0.6261.131)\nBuild info: version: '4.18.1', revision: 'b1d3319b48'\nSystem info: os.name: 'Windows 11', os.arch: 'amd64', os.version: '10.0', java.version: '21.0.2'\nDriver info: org.openqa.selenium.chrome.ChromeDriver\nCommand: [4e2e1da7ce412a712a19d083be321722, sendKeysToElement {id=f.5BB8D1FA8258BAD68F7DE6966C11D485.d.E5DC1263BD91742A99E02BA6C2BADA45.e.31, value=[Ljava.lang.CharSequence;@5815d9d1}]\nCapabilities {acceptInsecureCerts: false, browserName: chrome, browserVersion: 122.0.6261.131, chrome: {chromedriverVersion: 122.0.6261.128 (f18a44fedeb..., userDataDir: C:\\Users\\12159\\AppData\\Loca...}, fedcm:accounts: true, goog:chromeOptions: {debuggerAddress: localhost:57857}, networkConnectionEnabled: false, pageLoadStrategy: normal, platformName: windows, proxy: Proxy(), se:cdp: ws://localhost:57857/devtoo..., se:cdpVersion: 122.0.6261.131, setWindowRect: true, strictFileInteractability: false, timeouts: {implicit: 0, pageLoad: 300000, script: 30000}, unhandledPromptBehavior: dismiss and notify, webauthn:extension:credBlob: true, webauthn:extension:largeBlob: true, webauthn:extension:minPinLength: true, webauthn:extension:prf: true, webauthn:virtualAuthenticators: true}\nElement: [[ChromeDriver: chrome on windows (4e2e1da7ce412a712a19d083be321722)] -> xpath: //form[@id='answer_form']/div/div/div/textarea]\nSession ID: 4e2e1da7ce412a712a19d083be321722\r\n\tat java.base/jdk.internal.reflect.DirectConstructorHandleAccessor.newInstance(DirectConstructorHandleAccessor.java:62)\r\n\tat java.base/java.lang.reflect.Constructor.newInstanceWithCaller(Constructor.java:502)\r\n\tat java.base/java.lang.reflect.Constructor.newInstance(Constructor.java:486)\r\n\tat org.openqa.selenium.remote.ErrorCodec.decode(ErrorCodec.java:167)\r\n\tat org.openqa.selenium.remote.codec.w3c.W3CHttpResponseCodec.decode(W3CHttpResponseCodec.java:138)\r\n\tat org.openqa.selenium.remote.codec.w3c.W3CHttpResponseCodec.decode(W3CHttpResponseCodec.java:50)\r\n\tat org.openqa.selenium.remote.HttpCommandExecutor.execute(HttpCommandExecutor.java:190)\r\n\tat org.openqa.selenium.remote.service.DriverCommandExecutor.invokeExecute(DriverCommandExecutor.java:216)\r\n\tat org.openqa.selenium.remote.service.DriverCommandExecutor.execute(DriverCommandExecutor.java:174)\r\n\tat org.openqa.selenium.remote.RemoteWebDriver.execute(RemoteWebDriver.java:519)\r\n\tat org.openqa.selenium.remote.RemoteWebElement.execute(RemoteWebElement.java:223)\r\n\tat org.openqa.selenium.remote.RemoteWebElement.sendKeys(RemoteWebElement.java:110)\r\n\tat dsalgo.pageobjects.ArraysPage.sendCodeToEditor(ArraysPage.java:83)\r\n\tat dsalgo.stepdefinitions.ArrayPageStepDefinitions.User_clicks_on_Run_Button_after_entering_code_(ArrayPageStepDefinitions.java:105)\r\n\tat âœ½.User clicks on Run Button after entering code \"Input and Output\" and 2(file:///C:/Users/12159/git/DSAlgoProject/src/test/resources/Features/7ArrayDS.feature:17)\r\n"},"stage":"finished","steps":[],"attachments":[],"parameters":[],"start":1710996017180,"stop":1710996022328},{"name":"Then  User should be able to see the output in the console","status":"skipped","statusDetails":{"known":false,"muted":false,"flaky":false},"stage":"finished","steps":[],"attachments":[],"parameters":[],"start":1710996022754,"stop":1710996022754}],"attachments":[],"parameters":[{"name":"SheetName","value":"Input and Output"},{"name":"Rownum","value":"2"},{"name":"ArraysConcepts","value":"Applications of Array"}],"start":1710996012319,"stop":1710996023132}