<?xml version="1.0" encoding="UTF-8"?>
<testng-results ignored="0" total="90" passed="71" failed="19" skipped="0">
  <reporter-output>
  </reporter-output>
  <suite started-at="2024-03-21T00:57:40 EDT" name="Suite" finished-at="2024-03-21T00:59:46 EDT" duration-ms="125443">
    <groups>
      <group name="cucumber">
        <method signature="AbstractTestNGCucumberTests.runScenario(io.cucumber.testng.PickleWrapper,io.cucumber.testng.FeatureWrapper)[pri:0, instance:runner.TestRunner@50dfbc58]" name="runScenario" class="io.cucumber.testng.AbstractTestNGCucumberTests"/>
      </group> <!-- cucumber -->
    </groups>
    <test started-at="2024-03-21T00:57:40 EDT" name="TestChrome" finished-at="2024-03-21T00:59:46 EDT" duration-ms="125443">
      <class name="runner.TestRunner">
        <test-method is-config="true" signature="defineBrowser(java.lang.String)[pri:0, instance:runner.TestRunner@50dfbc58]" started-at="2024-03-21T00:57:40 EDT" name="defineBrowser" finished-at="2024-03-21T00:57:40 EDT" duration-ms="12" status="PASS">
          <params>
            <param index="0">
              <value>
                <![CDATA[chrome]]>
              </value>
            </param>
          </params>
          <reporter-output>
          </reporter-output>
        </test-method> <!-- defineBrowser -->
        <test-method is-config="true" signature="setUpClass(org.testng.ITestContext)[pri:0, instance:runner.TestRunner@50dfbc58]" started-at="2024-03-21T00:57:40 EDT" name="setUpClass" finished-at="2024-03-21T00:57:41 EDT" duration-ms="425" status="PASS">
          <params>
            <param index="0">
              <value>
                <![CDATA[org.testng.TestRunner@1941a8ff]]>
              </value>
            </param>
          </params>
          <reporter-output>
          </reporter-output>
        </test-method> <!-- setUpClass -->
        <test-method signature="runScenario(io.cucumber.testng.PickleWrapper,io.cucumber.testng.FeatureWrapper)[pri:0, instance:runner.TestRunner@50dfbc58]" started-at="2024-03-21T00:57:41 EDT" name="runScenario" description="Runs Cucumber Scenarios" data-provider="scenarios" finished-at="2024-03-21T00:57:47 EDT" duration-ms="6124" status="PASS">
          <params>
            <param index="0">
              <value>
                <![CDATA["DropDown options check"]]>
              </value>
            </param>
            <param index="1">
              <value>
                <![CDATA["DS Algo Introduction Page"]]>
              </value>
            </param>
          </params>
          <reporter-output>
          </reporter-output>
        </test-method> <!-- runScenario -->
        <test-method signature="runScenario(io.cucumber.testng.PickleWrapper,io.cucumber.testng.FeatureWrapper)[pri:0, instance:runner.TestRunner@50dfbc58]" started-at="2024-03-21T00:57:41 EDT" name="runScenario" description="Runs Cucumber Scenarios" data-provider="scenarios" finished-at="2024-03-21T00:57:46 EDT" duration-ms="5615" status="PASS">
          <params>
            <param index="0">
              <value>
                <![CDATA["Clicks any Ds GetStarted button and check error message"]]>
              </value>
            </param>
            <param index="1">
              <value>
                <![CDATA["DS Algo Introduction Page"]]>
              </value>
            </param>
          </params>
          <reporter-output>
          </reporter-output>
        </test-method> <!-- runScenario -->
        <test-method signature="runScenario(io.cucumber.testng.PickleWrapper,io.cucumber.testng.FeatureWrapper)[pri:0, instance:runner.TestRunner@50dfbc58]" started-at="2024-03-21T00:57:41 EDT" name="runScenario" description="Runs Cucumber Scenarios" data-provider="scenarios" finished-at="2024-03-21T00:57:47 EDT" duration-ms="6005" status="PASS">
          <params>
            <param index="0">
              <value>
                <![CDATA["Register with space and * in username field"]]>
              </value>
            </param>
            <param index="1">
              <value>
                <![CDATA["Register Page Test Scenarios"]]>
              </value>
            </param>
          </params>
          <reporter-output>
          </reporter-output>
        </test-method> <!-- runScenario -->
        <test-method signature="runScenario(io.cucumber.testng.PickleWrapper,io.cucumber.testng.FeatureWrapper)[pri:0, instance:runner.TestRunner@50dfbc58]" started-at="2024-03-21T00:57:41 EDT" name="runScenario" description="Runs Cucumber Scenarios" data-provider="scenarios" finished-at="2024-03-21T00:57:46 EDT" duration-ms="5787" status="PASS">
          <params>
            <param index="0">
              <value>
                <![CDATA["Register with only username field"]]>
              </value>
            </param>
            <param index="1">
              <value>
                <![CDATA["Register Page Test Scenarios"]]>
              </value>
            </param>
          </params>
          <reporter-output>
          </reporter-output>
        </test-method> <!-- runScenario -->
        <test-method signature="runScenario(io.cucumber.testng.PickleWrapper,io.cucumber.testng.FeatureWrapper)[pri:0, instance:runner.TestRunner@50dfbc58]" started-at="2024-03-21T00:57:41 EDT" name="runScenario" description="Runs Cucumber Scenarios" data-provider="scenarios" finished-at="2024-03-21T00:57:46 EDT" duration-ms="5411" status="PASS">
          <params>
            <param index="0">
              <value>
                <![CDATA["DropDown option click and check for error message"]]>
              </value>
            </param>
            <param index="1">
              <value>
                <![CDATA["DS Algo Introduction Page"]]>
              </value>
            </param>
          </params>
          <reporter-output>
          </reporter-output>
        </test-method> <!-- runScenario -->
        <test-method signature="runScenario(io.cucumber.testng.PickleWrapper,io.cucumber.testng.FeatureWrapper)[pri:0, instance:runner.TestRunner@50dfbc58]" started-at="2024-03-21T00:57:41 EDT" name="runScenario" description="Runs Cucumber Scenarios" data-provider="scenarios" finished-at="2024-03-21T00:57:48 EDT" duration-ms="7361" status="PASS">
          <params>
            <param index="0">
              <value>
                <![CDATA["Land on algoportal and click GetStarted"]]>
              </value>
            </param>
            <param index="1">
              <value>
                <![CDATA["Landing on dsalgoportal"]]>
              </value>
            </param>
          </params>
          <reporter-output>
          </reporter-output>
        </test-method> <!-- runScenario -->
        <test-method signature="runScenario(io.cucumber.testng.PickleWrapper,io.cucumber.testng.FeatureWrapper)[pri:0, instance:runner.TestRunner@50dfbc58]" started-at="2024-03-21T00:57:41 EDT" name="runScenario" description="Runs Cucumber Scenarios" data-provider="scenarios" finished-at="2024-03-21T00:57:46 EDT" duration-ms="5253" status="PASS">
          <params>
            <param index="0">
              <value>
                <![CDATA["Land on Registration Page"]]>
              </value>
            </param>
            <param index="1">
              <value>
                <![CDATA["DS Algo Introduction Page"]]>
              </value>
            </param>
          </params>
          <reporter-output>
          </reporter-output>
        </test-method> <!-- runScenario -->
        <test-method signature="runScenario(io.cucumber.testng.PickleWrapper,io.cucumber.testng.FeatureWrapper)[pri:0, instance:runner.TestRunner@50dfbc58]" started-at="2024-03-21T00:57:41 EDT" name="runScenario" description="Runs Cucumber Scenarios" data-provider="scenarios" finished-at="2024-03-21T00:57:46 EDT" duration-ms="5724" status="PASS">
          <params>
            <param index="0">
              <value>
                <![CDATA["Register without confirm password field"]]>
              </value>
            </param>
            <param index="1">
              <value>
                <![CDATA["Register Page Test Scenarios"]]>
              </value>
            </param>
          </params>
          <reporter-output>
          </reporter-output>
        </test-method> <!-- runScenario -->
        <test-method signature="runScenario(io.cucumber.testng.PickleWrapper,io.cucumber.testng.FeatureWrapper)[pri:0, instance:runner.TestRunner@50dfbc58]" started-at="2024-03-21T00:57:41 EDT" name="runScenario" description="Runs Cucumber Scenarios" data-provider="scenarios" finished-at="2024-03-21T00:57:46 EDT" duration-ms="5528" status="PASS">
          <params>
            <param index="0">
              <value>
                <![CDATA["Register with empty fields"]]>
              </value>
            </param>
            <param index="1">
              <value>
                <![CDATA["Register Page Test Scenarios"]]>
              </value>
            </param>
          </params>
          <reporter-output>
          </reporter-output>
        </test-method> <!-- runScenario -->
        <test-method signature="runScenario(io.cucumber.testng.PickleWrapper,io.cucumber.testng.FeatureWrapper)[pri:0, instance:runner.TestRunner@50dfbc58]" started-at="2024-03-21T00:57:41 EDT" name="runScenario" description="Runs Cucumber Scenarios" data-provider="scenarios" finished-at="2024-03-21T00:57:46 EDT" duration-ms="5255" status="PASS">
          <params>
            <param index="0">
              <value>
                <![CDATA["Landing on Login Page"]]>
              </value>
            </param>
            <param index="1">
              <value>
                <![CDATA["DS Algo Introduction Page"]]>
              </value>
            </param>
          </params>
          <reporter-output>
          </reporter-output>
        </test-method> <!-- runScenario -->
        <test-method signature="runScenario(io.cucumber.testng.PickleWrapper,io.cucumber.testng.FeatureWrapper)[pri:0, instance:runner.TestRunner@50dfbc58]" started-at="2024-03-21T00:57:46 EDT" name="runScenario" description="Runs Cucumber Scenarios" data-provider="scenarios" finished-at="2024-03-21T00:57:52 EDT" duration-ms="6227" status="PASS">
          <params>
            <param index="0">
              <value>
                <![CDATA["Register with invalid password fields with all numbers and lessthan 8 characters"]]>
              </value>
            </param>
            <param index="1">
              <value>
                <![CDATA["Register Page Test Scenarios"]]>
              </value>
            </param>
          </params>
          <reporter-output>
          </reporter-output>
        </test-method> <!-- runScenario -->
        <test-method signature="runScenario(io.cucumber.testng.PickleWrapper,io.cucumber.testng.FeatureWrapper)[pri:0, instance:runner.TestRunner@50dfbc58]" started-at="2024-03-21T00:57:46 EDT" name="runScenario" description="Runs Cucumber Scenarios" data-provider="scenarios" finished-at="2024-03-21T00:57:52 EDT" duration-ms="6183" status="PASS">
          <params>
            <param index="0">
              <value>
                <![CDATA["Register with invalid password fields with all numbers and lessthan 8 characters"]]>
              </value>
            </param>
            <param index="1">
              <value>
                <![CDATA["Register Page Test Scenarios"]]>
              </value>
            </param>
          </params>
          <reporter-output>
          </reporter-output>
        </test-method> <!-- runScenario -->
        <test-method signature="runScenario(io.cucumber.testng.PickleWrapper,io.cucumber.testng.FeatureWrapper)[pri:0, instance:runner.TestRunner@50dfbc58]" started-at="2024-03-21T00:57:46 EDT" name="runScenario" description="Runs Cucumber Scenarios" data-provider="scenarios" finished-at="2024-03-21T00:57:52 EDT" duration-ms="5837" status="PASS">
          <params>
            <param index="0">
              <value>
                <![CDATA["Register with passwords mismatch"]]>
              </value>
            </param>
            <param index="1">
              <value>
                <![CDATA["Register Page Test Scenarios"]]>
              </value>
            </param>
          </params>
          <reporter-output>
          </reporter-output>
        </test-method> <!-- runScenario -->
        <test-method signature="runScenario(io.cucumber.testng.PickleWrapper,io.cucumber.testng.FeatureWrapper)[pri:0, instance:runner.TestRunner@50dfbc58]" started-at="2024-03-21T00:57:46 EDT" name="runScenario" description="Runs Cucumber Scenarios" data-provider="scenarios" finished-at="2024-03-21T00:57:52 EDT" duration-ms="5770" status="PASS">
          <params>
            <param index="0">
              <value>
                <![CDATA["Register with existing username and password"]]>
              </value>
            </param>
            <param index="1">
              <value>
                <![CDATA["Register Page Test Scenarios"]]>
              </value>
            </param>
          </params>
          <reporter-output>
          </reporter-output>
        </test-method> <!-- runScenario -->
        <test-method signature="runScenario(io.cucumber.testng.PickleWrapper,io.cucumber.testng.FeatureWrapper)[pri:0, instance:runner.TestRunner@50dfbc58]" started-at="2024-03-21T00:57:46 EDT" name="runScenario" description="Runs Cucumber Scenarios" data-provider="scenarios" finished-at="2024-03-21T00:57:53 EDT" duration-ms="6287" status="PASS">
          <params>
            <param index="0">
              <value>
                <![CDATA["Validating Login process for User with invalid data"]]>
              </value>
            </param>
            <param index="1">
              <value>
                <![CDATA["Login Page Test Case Scenarios"]]>
              </value>
            </param>
          </params>
          <reporter-output>
          </reporter-output>
        </test-method> <!-- runScenario -->
        <test-method signature="runScenario(io.cucumber.testng.PickleWrapper,io.cucumber.testng.FeatureWrapper)[pri:0, instance:runner.TestRunner@50dfbc58]" started-at="2024-03-21T00:57:46 EDT" name="runScenario" description="Runs Cucumber Scenarios" data-provider="scenarios" finished-at="2024-03-21T00:57:53 EDT" duration-ms="6176" status="PASS">
          <params>
            <param index="0">
              <value>
                <![CDATA["Validating Login process for User with invalid data"]]>
              </value>
            </param>
            <param index="1">
              <value>
                <![CDATA["Login Page Test Case Scenarios"]]>
              </value>
            </param>
          </params>
          <reporter-output>
          </reporter-output>
        </test-method> <!-- runScenario -->
        <test-method signature="runScenario(io.cucumber.testng.PickleWrapper,io.cucumber.testng.FeatureWrapper)[pri:0, instance:runner.TestRunner@50dfbc58]" started-at="2024-03-21T00:57:46 EDT" name="runScenario" description="Runs Cucumber Scenarios" data-provider="scenarios" finished-at="2024-03-21T00:57:53 EDT" duration-ms="6315" status="PASS">
          <params>
            <param index="0">
              <value>
                <![CDATA["Validating Login process for User with invalid data"]]>
              </value>
            </param>
            <param index="1">
              <value>
                <![CDATA["Login Page Test Case Scenarios"]]>
              </value>
            </param>
          </params>
          <reporter-output>
          </reporter-output>
        </test-method> <!-- runScenario -->
        <test-method signature="runScenario(io.cucumber.testng.PickleWrapper,io.cucumber.testng.FeatureWrapper)[pri:0, instance:runner.TestRunner@50dfbc58]" started-at="2024-03-21T00:57:47 EDT" name="runScenario" description="Runs Cucumber Scenarios" data-provider="scenarios" finished-at="2024-03-21T00:57:54 EDT" duration-ms="7053" status="PASS">
          <params>
            <param index="0">
              <value>
                <![CDATA["Validating Login process for User with invalid data"]]>
              </value>
            </param>
            <param index="1">
              <value>
                <![CDATA["Login Page Test Case Scenarios"]]>
              </value>
            </param>
          </params>
          <reporter-output>
          </reporter-output>
        </test-method> <!-- runScenario -->
        <test-method signature="runScenario(io.cucumber.testng.PickleWrapper,io.cucumber.testng.FeatureWrapper)[pri:0, instance:runner.TestRunner@50dfbc58]" started-at="2024-03-21T00:57:47 EDT" name="runScenario" description="Runs Cucumber Scenarios" data-provider="scenarios" finished-at="2024-03-21T00:57:54 EDT" duration-ms="6974" status="PASS">
          <params>
            <param index="0">
              <value>
                <![CDATA["Validating Login process for User with invalid data"]]>
              </value>
            </param>
            <param index="1">
              <value>
                <![CDATA["Login Page Test Case Scenarios"]]>
              </value>
            </param>
          </params>
          <reporter-output>
          </reporter-output>
        </test-method> <!-- runScenario -->
        <test-method signature="runScenario(io.cucumber.testng.PickleWrapper,io.cucumber.testng.FeatureWrapper)[pri:0, instance:runner.TestRunner@50dfbc58]" started-at="2024-03-21T00:57:48 EDT" name="runScenario" description="Runs Cucumber Scenarios" data-provider="scenarios" finished-at="2024-03-21T00:57:54 EDT" duration-ms="5503" status="PASS">
          <params>
            <param index="0">
              <value>
                <![CDATA["Validating Login process with all empty fields"]]>
              </value>
            </param>
            <param index="1">
              <value>
                <![CDATA["Login Page Test Case Scenarios"]]>
              </value>
            </param>
          </params>
          <reporter-output>
          </reporter-output>
        </test-method> <!-- runScenario -->
        <test-method signature="runScenario(io.cucumber.testng.PickleWrapper,io.cucumber.testng.FeatureWrapper)[pri:0, instance:runner.TestRunner@50dfbc58]" started-at="2024-03-21T00:57:52 EDT" name="runScenario" description="Runs Cucumber Scenarios" data-provider="scenarios" finished-at="2024-03-21T00:57:58 EDT" duration-ms="6251" status="PASS">
          <params>
            <param index="0">
              <value>
                <![CDATA["Validating Login Page with valid data"]]>
              </value>
            </param>
            <param index="1">
              <value>
                <![CDATA["Login Page Test Case Scenarios"]]>
              </value>
            </param>
          </params>
          <reporter-output>
          </reporter-output>
        </test-method> <!-- runScenario -->
        <test-method signature="runScenario(io.cucumber.testng.PickleWrapper,io.cucumber.testng.FeatureWrapper)[pri:0, instance:runner.TestRunner@50dfbc58]" started-at="2024-03-21T00:57:52 EDT" name="runScenario" description="Runs Cucumber Scenarios" data-provider="scenarios" finished-at="2024-03-21T00:58:00 EDT" duration-ms="8479" status="PASS">
          <params>
            <param index="0">
              <value>
                <![CDATA["clicking on concepts under tree and giving code in try Editor"]]>
              </value>
            </param>
            <param index="1">
              <value>
                <![CDATA["Test Case Scenarios for Tree DS"]]>
              </value>
            </param>
          </params>
          <reporter-output>
          </reporter-output>
        </test-method> <!-- runScenario -->
        <test-method signature="runScenario(io.cucumber.testng.PickleWrapper,io.cucumber.testng.FeatureWrapper)[pri:0, instance:runner.TestRunner@50dfbc58]" started-at="2024-03-21T00:57:52 EDT" name="runScenario" description="Runs Cucumber Scenarios" data-provider="scenarios" finished-at="2024-03-21T00:58:00 EDT" duration-ms="8336" status="PASS">
          <params>
            <param index="0">
              <value>
                <![CDATA["clicking on concepts under tree and giving code in try Editor"]]>
              </value>
            </param>
            <param index="1">
              <value>
                <![CDATA["Test Case Scenarios for Tree DS"]]>
              </value>
            </param>
          </params>
          <reporter-output>
          </reporter-output>
        </test-method> <!-- runScenario -->
        <test-method signature="runScenario(io.cucumber.testng.PickleWrapper,io.cucumber.testng.FeatureWrapper)[pri:0, instance:runner.TestRunner@50dfbc58]" started-at="2024-03-21T00:57:52 EDT" name="runScenario" description="Runs Cucumber Scenarios" data-provider="scenarios" finished-at="2024-03-21T00:58:11 EDT" duration-ms="18630" status="FAIL">
          <params>
            <param index="0">
              <value>
                <![CDATA["clicking on concepts under tree and giving code in try Editor"]]>
              </value>
            </param>
            <param index="1">
              <value>
                <![CDATA["Test Case Scenarios for Tree DS"]]>
              </value>
            </param>
          </params>
          <exception class="org.openqa.selenium.ElementNotInteractableException">
            <message>
              <![CDATA[element not interactable
  (Session info: chrome=122.0.6261.131)
Build info: version: '4.18.1', revision: 'b1d3319b48'
System info: os.name: 'Windows 11', os.arch: 'amd64', os.version: '10.0', java.version: '21.0.2'
Driver info: org.openqa.selenium.chrome.ChromeDriver
Command: [0b58d78b7516880a8010c10cb139bca3, sendKeysToElement {id=f.6ADF2A2EF3852D0143D47CF0157E316F.d.9E33DD2AF9E37A5EF69C30469D5988BF.e.46, value=[Ljava.lang.CharSequence;@3301e923}]
Capabilities {acceptInsecureCerts: false, browserName: chrome, browserVersion: 122.0.6261.131, chrome: {chromedriverVersion: 122.0.6261.128 (f18a44fedeb..., userDataDir: C:\Users\12159\AppData\Loca...}, fedcm:accounts: true, goog:chromeOptions: {debuggerAddress: localhost:58549}, networkConnectionEnabled: false, pageLoadStrategy: normal, platformName: windows, proxy: Proxy(), se:cdp: ws://localhost:58549/devtoo..., se:cdpVersion: 122.0.6261.131, setWindowRect: true, strictFileInteractability: false, timeouts: {implicit: 0, pageLoad: 300000, script: 30000}, unhandledPromptBehavior: dismiss and notify, webauthn:extension:credBlob: true, webauthn:extension:largeBlob: true, webauthn:extension:minPinLength: true, webauthn:extension:prf: true, webauthn:virtualAuthenticators: true}
Element: [[ChromeDriver: chrome on windows (0b58d78b7516880a8010c10cb139bca3)] -> xpath: //form[@id='answer_form']/div/div/div/textarea]
Session ID: 0b58d78b7516880a8010c10cb139bca3]]>
            </message>
            <full-stacktrace>
              <![CDATA[org.openqa.selenium.ElementNotInteractableException: element not interactable
  (Session info: chrome=122.0.6261.131)
Build info: version: '4.18.1', revision: 'b1d3319b48'
System info: os.name: 'Windows 11', os.arch: 'amd64', os.version: '10.0', java.version: '21.0.2'
Driver info: org.openqa.selenium.chrome.ChromeDriver
Command: [0b58d78b7516880a8010c10cb139bca3, sendKeysToElement {id=f.6ADF2A2EF3852D0143D47CF0157E316F.d.9E33DD2AF9E37A5EF69C30469D5988BF.e.46, value=[Ljava.lang.CharSequence;@3301e923}]
Capabilities {acceptInsecureCerts: false, browserName: chrome, browserVersion: 122.0.6261.131, chrome: {chromedriverVersion: 122.0.6261.128 (f18a44fedeb..., userDataDir: C:\Users\12159\AppData\Loca...}, fedcm:accounts: true, goog:chromeOptions: {debuggerAddress: localhost:58549}, networkConnectionEnabled: false, pageLoadStrategy: normal, platformName: windows, proxy: Proxy(), se:cdp: ws://localhost:58549/devtoo..., se:cdpVersion: 122.0.6261.131, setWindowRect: true, strictFileInteractability: false, timeouts: {implicit: 0, pageLoad: 300000, script: 30000}, unhandledPromptBehavior: dismiss and notify, webauthn:extension:credBlob: true, webauthn:extension:largeBlob: true, webauthn:extension:minPinLength: true, webauthn:extension:prf: true, webauthn:virtualAuthenticators: true}
Element: [[ChromeDriver: chrome on windows (0b58d78b7516880a8010c10cb139bca3)] -> xpath: //form[@id='answer_form']/div/div/div/textarea]
Session ID: 0b58d78b7516880a8010c10cb139bca3
at java.base/jdk.internal.reflect.DirectConstructorHandleAccessor.newInstance(DirectConstructorHandleAccessor.java:62)
at java.base/java.lang.reflect.Constructor.newInstanceWithCaller(Constructor.java:502)
at java.base/java.lang.reflect.Constructor.newInstance(Constructor.java:486)
at org.openqa.selenium.remote.ErrorCodec.decode(ErrorCodec.java:167)
at org.openqa.selenium.remote.codec.w3c.W3CHttpResponseCodec.decode(W3CHttpResponseCodec.java:138)
at org.openqa.selenium.remote.codec.w3c.W3CHttpResponseCodec.decode(W3CHttpResponseCodec.java:50)
at org.openqa.selenium.remote.HttpCommandExecutor.execute(HttpCommandExecutor.java:190)
at org.openqa.selenium.remote.service.DriverCommandExecutor.invokeExecute(DriverCommandExecutor.java:216)
at org.openqa.selenium.remote.service.DriverCommandExecutor.execute(DriverCommandExecutor.java:174)
at org.openqa.selenium.remote.RemoteWebDriver.execute(RemoteWebDriver.java:519)
at org.openqa.selenium.remote.RemoteWebElement.execute(RemoteWebElement.java:223)
at org.openqa.selenium.remote.RemoteWebElement.sendKeys(RemoteWebElement.java:110)
at dsalgo.pageobjects.TreePage.sendCodeToEditor(TreePage.java:69)
at dsalgo.stepdefinitions.TreePageStepDefinitions.user_clicks_on_run_button_entering_code_and(TreePageStepDefinitions.java:105)
at ✽.User clicks on Run Button entering code "Input and Output" and 2(file:///C:/Users/12159/git/DSAlgoProject/src/test/resources/Features/5TreeDS.feature:15)
]]>
            </full-stacktrace>
          </exception> <!-- org.openqa.selenium.ElementNotInteractableException -->
          <reporter-output>
          </reporter-output>
        </test-method> <!-- runScenario -->
        <test-method signature="runScenario(io.cucumber.testng.PickleWrapper,io.cucumber.testng.FeatureWrapper)[pri:0, instance:runner.TestRunner@50dfbc58]" started-at="2024-03-21T00:57:53 EDT" name="runScenario" description="Runs Cucumber Scenarios" data-provider="scenarios" finished-at="2024-03-21T00:58:01 EDT" duration-ms="8151" status="PASS">
          <params>
            <param index="0">
              <value>
                <![CDATA["clicking on concepts under tree and giving code in try Editor"]]>
              </value>
            </param>
            <param index="1">
              <value>
                <![CDATA["Test Case Scenarios for Tree DS"]]>
              </value>
            </param>
          </params>
          <reporter-output>
          </reporter-output>
        </test-method> <!-- runScenario -->
        <test-method signature="runScenario(io.cucumber.testng.PickleWrapper,io.cucumber.testng.FeatureWrapper)[pri:0, instance:runner.TestRunner@50dfbc58]" started-at="2024-03-21T00:57:53 EDT" name="runScenario" description="Runs Cucumber Scenarios" data-provider="scenarios" finished-at="2024-03-21T00:58:11 EDT" duration-ms="18214" status="FAIL">
          <params>
            <param index="0">
              <value>
                <![CDATA["clicking on concepts under tree and giving code in try Editor"]]>
              </value>
            </param>
            <param index="1">
              <value>
                <![CDATA["Test Case Scenarios for Tree DS"]]>
              </value>
            </param>
          </params>
          <exception class="org.openqa.selenium.ElementNotInteractableException">
            <message>
              <![CDATA[element not interactable
  (Session info: chrome=122.0.6261.131)
Build info: version: '4.18.1', revision: 'b1d3319b48'
System info: os.name: 'Windows 11', os.arch: 'amd64', os.version: '10.0', java.version: '21.0.2'
Driver info: org.openqa.selenium.chrome.ChromeDriver
Command: [4b4ea5c3ff02fa2e7cc5fcb54cbad798, sendKeysToElement {id=f.43F653B72ED29B1C6CA5C94621E45029.d.BAAACAC9053384CF76E80B9EA60947ED.e.45, value=[Ljava.lang.CharSequence;@767a480f}]
Capabilities {acceptInsecureCerts: false, browserName: chrome, browserVersion: 122.0.6261.131, chrome: {chromedriverVersion: 122.0.6261.128 (f18a44fedeb..., userDataDir: C:\Users\12159\AppData\Loca...}, fedcm:accounts: true, goog:chromeOptions: {debuggerAddress: localhost:58595}, networkConnectionEnabled: false, pageLoadStrategy: normal, platformName: windows, proxy: Proxy(), se:cdp: ws://localhost:58595/devtoo..., se:cdpVersion: 122.0.6261.131, setWindowRect: true, strictFileInteractability: false, timeouts: {implicit: 0, pageLoad: 300000, script: 30000}, unhandledPromptBehavior: dismiss and notify, webauthn:extension:credBlob: true, webauthn:extension:largeBlob: true, webauthn:extension:minPinLength: true, webauthn:extension:prf: true, webauthn:virtualAuthenticators: true}
Element: [[ChromeDriver: chrome on windows (4b4ea5c3ff02fa2e7cc5fcb54cbad798)] -> xpath: //form[@id='answer_form']/div/div/div/textarea]
Session ID: 4b4ea5c3ff02fa2e7cc5fcb54cbad798]]>
            </message>
            <full-stacktrace>
              <![CDATA[org.openqa.selenium.ElementNotInteractableException: element not interactable
  (Session info: chrome=122.0.6261.131)
Build info: version: '4.18.1', revision: 'b1d3319b48'
System info: os.name: 'Windows 11', os.arch: 'amd64', os.version: '10.0', java.version: '21.0.2'
Driver info: org.openqa.selenium.chrome.ChromeDriver
Command: [4b4ea5c3ff02fa2e7cc5fcb54cbad798, sendKeysToElement {id=f.43F653B72ED29B1C6CA5C94621E45029.d.BAAACAC9053384CF76E80B9EA60947ED.e.45, value=[Ljava.lang.CharSequence;@767a480f}]
Capabilities {acceptInsecureCerts: false, browserName: chrome, browserVersion: 122.0.6261.131, chrome: {chromedriverVersion: 122.0.6261.128 (f18a44fedeb..., userDataDir: C:\Users\12159\AppData\Loca...}, fedcm:accounts: true, goog:chromeOptions: {debuggerAddress: localhost:58595}, networkConnectionEnabled: false, pageLoadStrategy: normal, platformName: windows, proxy: Proxy(), se:cdp: ws://localhost:58595/devtoo..., se:cdpVersion: 122.0.6261.131, setWindowRect: true, strictFileInteractability: false, timeouts: {implicit: 0, pageLoad: 300000, script: 30000}, unhandledPromptBehavior: dismiss and notify, webauthn:extension:credBlob: true, webauthn:extension:largeBlob: true, webauthn:extension:minPinLength: true, webauthn:extension:prf: true, webauthn:virtualAuthenticators: true}
Element: [[ChromeDriver: chrome on windows (4b4ea5c3ff02fa2e7cc5fcb54cbad798)] -> xpath: //form[@id='answer_form']/div/div/div/textarea]
Session ID: 4b4ea5c3ff02fa2e7cc5fcb54cbad798
at java.base/jdk.internal.reflect.DirectConstructorHandleAccessor.newInstance(DirectConstructorHandleAccessor.java:62)
at java.base/java.lang.reflect.Constructor.newInstanceWithCaller(Constructor.java:502)
at java.base/java.lang.reflect.Constructor.newInstance(Constructor.java:486)
at org.openqa.selenium.remote.ErrorCodec.decode(ErrorCodec.java:167)
at org.openqa.selenium.remote.codec.w3c.W3CHttpResponseCodec.decode(W3CHttpResponseCodec.java:138)
at org.openqa.selenium.remote.codec.w3c.W3CHttpResponseCodec.decode(W3CHttpResponseCodec.java:50)
at org.openqa.selenium.remote.HttpCommandExecutor.execute(HttpCommandExecutor.java:190)
at org.openqa.selenium.remote.service.DriverCommandExecutor.invokeExecute(DriverCommandExecutor.java:216)
at org.openqa.selenium.remote.service.DriverCommandExecutor.execute(DriverCommandExecutor.java:174)
at org.openqa.selenium.remote.RemoteWebDriver.execute(RemoteWebDriver.java:519)
at org.openqa.selenium.remote.RemoteWebElement.execute(RemoteWebElement.java:223)
at org.openqa.selenium.remote.RemoteWebElement.sendKeys(RemoteWebElement.java:110)
at dsalgo.pageobjects.TreePage.sendCodeToEditor(TreePage.java:69)
at dsalgo.stepdefinitions.TreePageStepDefinitions.user_clicks_on_run_button_entering_code_and(TreePageStepDefinitions.java:105)
at ✽.User clicks on Run Button entering code "Input and Output" and 1(file:///C:/Users/12159/git/DSAlgoProject/src/test/resources/Features/5TreeDS.feature:15)
]]>
            </full-stacktrace>
          </exception> <!-- org.openqa.selenium.ElementNotInteractableException -->
          <reporter-output>
          </reporter-output>
        </test-method> <!-- runScenario -->
        <test-method signature="runScenario(io.cucumber.testng.PickleWrapper,io.cucumber.testng.FeatureWrapper)[pri:0, instance:runner.TestRunner@50dfbc58]" started-at="2024-03-21T00:57:53 EDT" name="runScenario" description="Runs Cucumber Scenarios" data-provider="scenarios" finished-at="2024-03-21T00:58:13 EDT" duration-ms="19701" status="FAIL">
          <params>
            <param index="0">
              <value>
                <![CDATA["clicking on concepts under tree and giving code in try Editor"]]>
              </value>
            </param>
            <param index="1">
              <value>
                <![CDATA["Test Case Scenarios for Tree DS"]]>
              </value>
            </param>
          </params>
          <exception class="org.openqa.selenium.ElementNotInteractableException">
            <message>
              <![CDATA[element not interactable
  (Session info: chrome=122.0.6261.131)
Build info: version: '4.18.1', revision: 'b1d3319b48'
System info: os.name: 'Windows 11', os.arch: 'amd64', os.version: '10.0', java.version: '21.0.2'
Driver info: org.openqa.selenium.chrome.ChromeDriver
Command: [8bfc5274dcde6f3a57492a2760aae868, sendKeysToElement {id=f.A87F931DED45C1BCBC20E84F7330D980.d.01235E15BA3DFF7A9E8C1F997251EC50.e.36, value=[Ljava.lang.CharSequence;@10fc8c96}]
Capabilities {acceptInsecureCerts: false, browserName: chrome, browserVersion: 122.0.6261.131, chrome: {chromedriverVersion: 122.0.6261.128 (f18a44fedeb..., userDataDir: C:\Users\12159\AppData\Loca...}, fedcm:accounts: true, goog:chromeOptions: {debuggerAddress: localhost:58613}, networkConnectionEnabled: false, pageLoadStrategy: normal, platformName: windows, proxy: Proxy(), se:cdp: ws://localhost:58613/devtoo..., se:cdpVersion: 122.0.6261.131, setWindowRect: true, strictFileInteractability: false, timeouts: {implicit: 0, pageLoad: 300000, script: 30000}, unhandledPromptBehavior: dismiss and notify, webauthn:extension:credBlob: true, webauthn:extension:largeBlob: true, webauthn:extension:minPinLength: true, webauthn:extension:prf: true, webauthn:virtualAuthenticators: true}
Element: [[ChromeDriver: chrome on windows (8bfc5274dcde6f3a57492a2760aae868)] -> xpath: //form[@id='answer_form']/div/div/div/textarea]
Session ID: 8bfc5274dcde6f3a57492a2760aae868]]>
            </message>
            <full-stacktrace>
              <![CDATA[org.openqa.selenium.ElementNotInteractableException: element not interactable
  (Session info: chrome=122.0.6261.131)
Build info: version: '4.18.1', revision: 'b1d3319b48'
System info: os.name: 'Windows 11', os.arch: 'amd64', os.version: '10.0', java.version: '21.0.2'
Driver info: org.openqa.selenium.chrome.ChromeDriver
Command: [8bfc5274dcde6f3a57492a2760aae868, sendKeysToElement {id=f.A87F931DED45C1BCBC20E84F7330D980.d.01235E15BA3DFF7A9E8C1F997251EC50.e.36, value=[Ljava.lang.CharSequence;@10fc8c96}]
Capabilities {acceptInsecureCerts: false, browserName: chrome, browserVersion: 122.0.6261.131, chrome: {chromedriverVersion: 122.0.6261.128 (f18a44fedeb..., userDataDir: C:\Users\12159\AppData\Loca...}, fedcm:accounts: true, goog:chromeOptions: {debuggerAddress: localhost:58613}, networkConnectionEnabled: false, pageLoadStrategy: normal, platformName: windows, proxy: Proxy(), se:cdp: ws://localhost:58613/devtoo..., se:cdpVersion: 122.0.6261.131, setWindowRect: true, strictFileInteractability: false, timeouts: {implicit: 0, pageLoad: 300000, script: 30000}, unhandledPromptBehavior: dismiss and notify, webauthn:extension:credBlob: true, webauthn:extension:largeBlob: true, webauthn:extension:minPinLength: true, webauthn:extension:prf: true, webauthn:virtualAuthenticators: true}
Element: [[ChromeDriver: chrome on windows (8bfc5274dcde6f3a57492a2760aae868)] -> xpath: //form[@id='answer_form']/div/div/div/textarea]
Session ID: 8bfc5274dcde6f3a57492a2760aae868
at java.base/jdk.internal.reflect.DirectConstructorHandleAccessor.newInstance(DirectConstructorHandleAccessor.java:62)
at java.base/java.lang.reflect.Constructor.newInstanceWithCaller(Constructor.java:502)
at java.base/java.lang.reflect.Constructor.newInstance(Constructor.java:486)
at org.openqa.selenium.remote.ErrorCodec.decode(ErrorCodec.java:167)
at org.openqa.selenium.remote.codec.w3c.W3CHttpResponseCodec.decode(W3CHttpResponseCodec.java:138)
at org.openqa.selenium.remote.codec.w3c.W3CHttpResponseCodec.decode(W3CHttpResponseCodec.java:50)
at org.openqa.selenium.remote.HttpCommandExecutor.execute(HttpCommandExecutor.java:190)
at org.openqa.selenium.remote.service.DriverCommandExecutor.invokeExecute(DriverCommandExecutor.java:216)
at org.openqa.selenium.remote.service.DriverCommandExecutor.execute(DriverCommandExecutor.java:174)
at org.openqa.selenium.remote.RemoteWebDriver.execute(RemoteWebDriver.java:519)
at org.openqa.selenium.remote.RemoteWebElement.execute(RemoteWebElement.java:223)
at org.openqa.selenium.remote.RemoteWebElement.sendKeys(RemoteWebElement.java:110)
at dsalgo.pageobjects.TreePage.sendCodeToEditor(TreePage.java:69)
at dsalgo.stepdefinitions.TreePageStepDefinitions.user_clicks_on_run_button_entering_code_and(TreePageStepDefinitions.java:105)
at ✽.User clicks on Run Button entering code "Input and Output" and 2(file:///C:/Users/12159/git/DSAlgoProject/src/test/resources/Features/5TreeDS.feature:15)
]]>
            </full-stacktrace>
          </exception> <!-- org.openqa.selenium.ElementNotInteractableException -->
          <reporter-output>
          </reporter-output>
        </test-method> <!-- runScenario -->
        <test-method signature="runScenario(io.cucumber.testng.PickleWrapper,io.cucumber.testng.FeatureWrapper)[pri:0, instance:runner.TestRunner@50dfbc58]" started-at="2024-03-21T00:57:54 EDT" name="runScenario" description="Runs Cucumber Scenarios" data-provider="scenarios" finished-at="2024-03-21T00:58:02 EDT" duration-ms="8737" status="PASS">
          <params>
            <param index="0">
              <value>
                <![CDATA["clicking on concepts under tree and giving code in try Editor"]]>
              </value>
            </param>
            <param index="1">
              <value>
                <![CDATA["Test Case Scenarios for Tree DS"]]>
              </value>
            </param>
          </params>
          <reporter-output>
          </reporter-output>
        </test-method> <!-- runScenario -->
        <test-method signature="runScenario(io.cucumber.testng.PickleWrapper,io.cucumber.testng.FeatureWrapper)[pri:0, instance:runner.TestRunner@50dfbc58]" started-at="2024-03-21T00:57:54 EDT" name="runScenario" description="Runs Cucumber Scenarios" data-provider="scenarios" finished-at="2024-03-21T00:58:02 EDT" duration-ms="8542" status="PASS">
          <params>
            <param index="0">
              <value>
                <![CDATA["clicking on concepts under tree and giving code in try Editor"]]>
              </value>
            </param>
            <param index="1">
              <value>
                <![CDATA["Test Case Scenarios for Tree DS"]]>
              </value>
            </param>
          </params>
          <reporter-output>
          </reporter-output>
        </test-method> <!-- runScenario -->
        <test-method signature="runScenario(io.cucumber.testng.PickleWrapper,io.cucumber.testng.FeatureWrapper)[pri:0, instance:runner.TestRunner@50dfbc58]" started-at="2024-03-21T00:57:54 EDT" name="runScenario" description="Runs Cucumber Scenarios" data-provider="scenarios" finished-at="2024-03-21T00:58:13 EDT" duration-ms="19674" status="FAIL">
          <params>
            <param index="0">
              <value>
                <![CDATA["clicking on concepts under tree and giving code in try Editor"]]>
              </value>
            </param>
            <param index="1">
              <value>
                <![CDATA["Test Case Scenarios for Tree DS"]]>
              </value>
            </param>
          </params>
          <exception class="org.openqa.selenium.ElementNotInteractableException">
            <message>
              <![CDATA[element not interactable
  (Session info: chrome=122.0.6261.131)
Build info: version: '4.18.1', revision: 'b1d3319b48'
System info: os.name: 'Windows 11', os.arch: 'amd64', os.version: '10.0', java.version: '21.0.2'
Driver info: org.openqa.selenium.chrome.ChromeDriver
Command: [16e6fb795677fea5b709ae11732e2e9b, sendKeysToElement {id=f.36698A5C44F6CFAEEF653B713D133199.d.3A32858FED0795CD78D5E1EF947E544E.e.29, value=[Ljava.lang.CharSequence;@4703d61}]
Capabilities {acceptInsecureCerts: false, browserName: chrome, browserVersion: 122.0.6261.131, chrome: {chromedriverVersion: 122.0.6261.128 (f18a44fedeb..., userDataDir: C:\Users\12159\AppData\Loca...}, fedcm:accounts: true, goog:chromeOptions: {debuggerAddress: localhost:58690}, networkConnectionEnabled: false, pageLoadStrategy: normal, platformName: windows, proxy: Proxy(), se:cdp: ws://localhost:58690/devtoo..., se:cdpVersion: 122.0.6261.131, setWindowRect: true, strictFileInteractability: false, timeouts: {implicit: 0, pageLoad: 300000, script: 30000}, unhandledPromptBehavior: dismiss and notify, webauthn:extension:credBlob: true, webauthn:extension:largeBlob: true, webauthn:extension:minPinLength: true, webauthn:extension:prf: true, webauthn:virtualAuthenticators: true}
Element: [[ChromeDriver: chrome on windows (16e6fb795677fea5b709ae11732e2e9b)] -> xpath: //form[@id='answer_form']/div/div/div/textarea]
Session ID: 16e6fb795677fea5b709ae11732e2e9b]]>
            </message>
            <full-stacktrace>
              <![CDATA[org.openqa.selenium.ElementNotInteractableException: element not interactable
  (Session info: chrome=122.0.6261.131)
Build info: version: '4.18.1', revision: 'b1d3319b48'
System info: os.name: 'Windows 11', os.arch: 'amd64', os.version: '10.0', java.version: '21.0.2'
Driver info: org.openqa.selenium.chrome.ChromeDriver
Command: [16e6fb795677fea5b709ae11732e2e9b, sendKeysToElement {id=f.36698A5C44F6CFAEEF653B713D133199.d.3A32858FED0795CD78D5E1EF947E544E.e.29, value=[Ljava.lang.CharSequence;@4703d61}]
Capabilities {acceptInsecureCerts: false, browserName: chrome, browserVersion: 122.0.6261.131, chrome: {chromedriverVersion: 122.0.6261.128 (f18a44fedeb..., userDataDir: C:\Users\12159\AppData\Loca...}, fedcm:accounts: true, goog:chromeOptions: {debuggerAddress: localhost:58690}, networkConnectionEnabled: false, pageLoadStrategy: normal, platformName: windows, proxy: Proxy(), se:cdp: ws://localhost:58690/devtoo..., se:cdpVersion: 122.0.6261.131, setWindowRect: true, strictFileInteractability: false, timeouts: {implicit: 0, pageLoad: 300000, script: 30000}, unhandledPromptBehavior: dismiss and notify, webauthn:extension:credBlob: true, webauthn:extension:largeBlob: true, webauthn:extension:minPinLength: true, webauthn:extension:prf: true, webauthn:virtualAuthenticators: true}
Element: [[ChromeDriver: chrome on windows (16e6fb795677fea5b709ae11732e2e9b)] -> xpath: //form[@id='answer_form']/div/div/div/textarea]
Session ID: 16e6fb795677fea5b709ae11732e2e9b
at java.base/jdk.internal.reflect.DirectConstructorHandleAccessor.newInstance(DirectConstructorHandleAccessor.java:62)
at java.base/java.lang.reflect.Constructor.newInstanceWithCaller(Constructor.java:502)
at java.base/java.lang.reflect.Constructor.newInstance(Constructor.java:486)
at org.openqa.selenium.remote.ErrorCodec.decode(ErrorCodec.java:167)
at org.openqa.selenium.remote.codec.w3c.W3CHttpResponseCodec.decode(W3CHttpResponseCodec.java:138)
at org.openqa.selenium.remote.codec.w3c.W3CHttpResponseCodec.decode(W3CHttpResponseCodec.java:50)
at org.openqa.selenium.remote.HttpCommandExecutor.execute(HttpCommandExecutor.java:190)
at org.openqa.selenium.remote.service.DriverCommandExecutor.invokeExecute(DriverCommandExecutor.java:216)
at org.openqa.selenium.remote.service.DriverCommandExecutor.execute(DriverCommandExecutor.java:174)
at org.openqa.selenium.remote.RemoteWebDriver.execute(RemoteWebDriver.java:519)
at org.openqa.selenium.remote.RemoteWebElement.execute(RemoteWebElement.java:223)
at org.openqa.selenium.remote.RemoteWebElement.sendKeys(RemoteWebElement.java:110)
at dsalgo.pageobjects.TreePage.sendCodeToEditor(TreePage.java:69)
at dsalgo.stepdefinitions.TreePageStepDefinitions.user_clicks_on_run_button_entering_code_and(TreePageStepDefinitions.java:105)
at ✽.User clicks on Run Button entering code "Input and Output" and 2(file:///C:/Users/12159/git/DSAlgoProject/src/test/resources/Features/5TreeDS.feature:15)
]]>
            </full-stacktrace>
          </exception> <!-- org.openqa.selenium.ElementNotInteractableException -->
          <reporter-output>
          </reporter-output>
        </test-method> <!-- runScenario -->
        <test-method signature="runScenario(io.cucumber.testng.PickleWrapper,io.cucumber.testng.FeatureWrapper)[pri:0, instance:runner.TestRunner@50dfbc58]" started-at="2024-03-21T00:57:58 EDT" name="runScenario" description="Runs Cucumber Scenarios" data-provider="scenarios" finished-at="2024-03-21T00:58:11 EDT" duration-ms="13113" status="PASS">
          <params>
            <param index="0">
              <value>
                <![CDATA["clicking on concepts under tree and giving code in try Editor"]]>
              </value>
            </param>
            <param index="1">
              <value>
                <![CDATA["Test Case Scenarios for Tree DS"]]>
              </value>
            </param>
          </params>
          <reporter-output>
          </reporter-output>
        </test-method> <!-- runScenario -->
        <test-method signature="runScenario(io.cucumber.testng.PickleWrapper,io.cucumber.testng.FeatureWrapper)[pri:0, instance:runner.TestRunner@50dfbc58]" started-at="2024-03-21T00:58:00 EDT" name="runScenario" description="Runs Cucumber Scenarios" data-provider="scenarios" finished-at="2024-03-21T00:58:11 EDT" duration-ms="10707" status="PASS">
          <params>
            <param index="0">
              <value>
                <![CDATA["clicking on concepts under tree and giving code in try Editor"]]>
              </value>
            </param>
            <param index="1">
              <value>
                <![CDATA["Test Case Scenarios for Tree DS"]]>
              </value>
            </param>
          </params>
          <reporter-output>
          </reporter-output>
        </test-method> <!-- runScenario -->
        <test-method signature="runScenario(io.cucumber.testng.PickleWrapper,io.cucumber.testng.FeatureWrapper)[pri:0, instance:runner.TestRunner@50dfbc58]" started-at="2024-03-21T00:58:00 EDT" name="runScenario" description="Runs Cucumber Scenarios" data-provider="scenarios" finished-at="2024-03-21T00:58:05 EDT" duration-ms="4858" status="PASS">
          <params>
            <param index="0">
              <value>
                <![CDATA["clicking on concepts under tree and giving code in try Editor"]]>
              </value>
            </param>
            <param index="1">
              <value>
                <![CDATA["Test Case Scenarios for Tree DS"]]>
              </value>
            </param>
          </params>
          <reporter-output>
          </reporter-output>
        </test-method> <!-- runScenario -->
        <test-method signature="runScenario(io.cucumber.testng.PickleWrapper,io.cucumber.testng.FeatureWrapper)[pri:0, instance:runner.TestRunner@50dfbc58]" started-at="2024-03-21T00:58:01 EDT" name="runScenario" description="Runs Cucumber Scenarios" data-provider="scenarios" finished-at="2024-03-21T00:58:11 EDT" duration-ms="10025" status="PASS">
          <params>
            <param index="0">
              <value>
                <![CDATA["clicking on concepts under tree and giving code in try Editor"]]>
              </value>
            </param>
            <param index="1">
              <value>
                <![CDATA["Test Case Scenarios for Tree DS"]]>
              </value>
            </param>
          </params>
          <reporter-output>
          </reporter-output>
        </test-method> <!-- runScenario -->
        <test-method signature="runScenario(io.cucumber.testng.PickleWrapper,io.cucumber.testng.FeatureWrapper)[pri:0, instance:runner.TestRunner@50dfbc58]" started-at="2024-03-21T00:58:02 EDT" name="runScenario" description="Runs Cucumber Scenarios" data-provider="scenarios" finished-at="2024-03-21T00:58:07 EDT" duration-ms="4335" status="PASS">
          <params>
            <param index="0">
              <value>
                <![CDATA["clicking on concepts under tree and giving code in try Editor"]]>
              </value>
            </param>
            <param index="1">
              <value>
                <![CDATA["Test Case Scenarios for Tree DS"]]>
              </value>
            </param>
          </params>
          <reporter-output>
          </reporter-output>
        </test-method> <!-- runScenario -->
        <test-method signature="runScenario(io.cucumber.testng.PickleWrapper,io.cucumber.testng.FeatureWrapper)[pri:0, instance:runner.TestRunner@50dfbc58]" started-at="2024-03-21T00:58:02 EDT" name="runScenario" description="Runs Cucumber Scenarios" data-provider="scenarios" finished-at="2024-03-21T00:58:10 EDT" duration-ms="8154" status="PASS">
          <params>
            <param index="0">
              <value>
                <![CDATA["clicking on concepts under tree and giving code in try Editor"]]>
              </value>
            </param>
            <param index="1">
              <value>
                <![CDATA["Test Case Scenarios for Tree DS"]]>
              </value>
            </param>
          </params>
          <reporter-output>
          </reporter-output>
        </test-method> <!-- runScenario -->
        <test-method signature="runScenario(io.cucumber.testng.PickleWrapper,io.cucumber.testng.FeatureWrapper)[pri:0, instance:runner.TestRunner@50dfbc58]" started-at="2024-03-21T00:58:05 EDT" name="runScenario" description="Runs Cucumber Scenarios" data-provider="scenarios" finished-at="2024-03-21T00:58:10 EDT" duration-ms="4974" status="PASS">
          <params>
            <param index="0">
              <value>
                <![CDATA["clicking on concepts under tree and giving code in try Editor"]]>
              </value>
            </param>
            <param index="1">
              <value>
                <![CDATA["Test Case Scenarios for Tree DS"]]>
              </value>
            </param>
          </params>
          <reporter-output>
          </reporter-output>
        </test-method> <!-- runScenario -->
        <test-method signature="runScenario(io.cucumber.testng.PickleWrapper,io.cucumber.testng.FeatureWrapper)[pri:0, instance:runner.TestRunner@50dfbc58]" started-at="2024-03-21T00:58:07 EDT" name="runScenario" description="Runs Cucumber Scenarios" data-provider="scenarios" finished-at="2024-03-21T00:58:10 EDT" duration-ms="3496" status="PASS">
          <params>
            <param index="0">
              <value>
                <![CDATA["clicking on concepts under tree and giving code in try Editor"]]>
              </value>
            </param>
            <param index="1">
              <value>
                <![CDATA["Test Case Scenarios for Tree DS"]]>
              </value>
            </param>
          </params>
          <reporter-output>
          </reporter-output>
        </test-method> <!-- runScenario -->
        <test-method signature="runScenario(io.cucumber.testng.PickleWrapper,io.cucumber.testng.FeatureWrapper)[pri:0, instance:runner.TestRunner@50dfbc58]" started-at="2024-03-21T00:58:10 EDT" name="runScenario" description="Runs Cucumber Scenarios" data-provider="scenarios" finished-at="2024-03-21T00:58:18 EDT" duration-ms="7850" status="PASS">
          <params>
            <param index="0">
              <value>
                <![CDATA["clicking on concepts under tree and giving code in try Editor"]]>
              </value>
            </param>
            <param index="1">
              <value>
                <![CDATA["Test Case Scenarios for Tree DS"]]>
              </value>
            </param>
          </params>
          <reporter-output>
          </reporter-output>
        </test-method> <!-- runScenario -->
        <test-method signature="runScenario(io.cucumber.testng.PickleWrapper,io.cucumber.testng.FeatureWrapper)[pri:0, instance:runner.TestRunner@50dfbc58]" started-at="2024-03-21T00:58:10 EDT" name="runScenario" description="Runs Cucumber Scenarios" data-provider="scenarios" finished-at="2024-03-21T00:58:18 EDT" duration-ms="8045" status="PASS">
          <params>
            <param index="0">
              <value>
                <![CDATA["clicking on concepts under tree and giving code in try Editor"]]>
              </value>
            </param>
            <param index="1">
              <value>
                <![CDATA["Test Case Scenarios for Tree DS"]]>
              </value>
            </param>
          </params>
          <reporter-output>
          </reporter-output>
        </test-method> <!-- runScenario -->
        <test-method signature="runScenario(io.cucumber.testng.PickleWrapper,io.cucumber.testng.FeatureWrapper)[pri:0, instance:runner.TestRunner@50dfbc58]" started-at="2024-03-21T00:58:10 EDT" name="runScenario" description="Runs Cucumber Scenarios" data-provider="scenarios" finished-at="2024-03-21T00:58:29 EDT" duration-ms="18106" status="FAIL">
          <params>
            <param index="0">
              <value>
                <![CDATA["clicking on concepts under tree and giving code in try Editor"]]>
              </value>
            </param>
            <param index="1">
              <value>
                <![CDATA["Test Case Scenarios for Tree DS"]]>
              </value>
            </param>
          </params>
          <exception class="org.openqa.selenium.ElementNotInteractableException">
            <message>
              <![CDATA[element not interactable
  (Session info: chrome=122.0.6261.131)
Build info: version: '4.18.1', revision: 'b1d3319b48'
System info: os.name: 'Windows 11', os.arch: 'amd64', os.version: '10.0', java.version: '21.0.2'
Driver info: org.openqa.selenium.chrome.ChromeDriver
Command: [f06198bc7a989af1a02c247d61b69acc, sendKeysToElement {id=f.4A39B58E6D4D8DAD65DD821CF5FE9F59.d.86A666EA3088A0EAC34F5F2E2D35C47D.e.33, value=[Ljava.lang.CharSequence;@4368299e}]
Capabilities {acceptInsecureCerts: false, browserName: chrome, browserVersion: 122.0.6261.131, chrome: {chromedriverVersion: 122.0.6261.128 (f18a44fedeb..., userDataDir: C:\Users\12159\AppData\Loca...}, fedcm:accounts: true, goog:chromeOptions: {debuggerAddress: localhost:59200}, networkConnectionEnabled: false, pageLoadStrategy: normal, platformName: windows, proxy: Proxy(), se:cdp: ws://localhost:59200/devtoo..., se:cdpVersion: 122.0.6261.131, setWindowRect: true, strictFileInteractability: false, timeouts: {implicit: 0, pageLoad: 300000, script: 30000}, unhandledPromptBehavior: dismiss and notify, webauthn:extension:credBlob: true, webauthn:extension:largeBlob: true, webauthn:extension:minPinLength: true, webauthn:extension:prf: true, webauthn:virtualAuthenticators: true}
Element: [[ChromeDriver: chrome on windows (f06198bc7a989af1a02c247d61b69acc)] -> xpath: //form[@id='answer_form']/div/div/div/textarea]
Session ID: f06198bc7a989af1a02c247d61b69acc]]>
            </message>
            <full-stacktrace>
              <![CDATA[org.openqa.selenium.ElementNotInteractableException: element not interactable
  (Session info: chrome=122.0.6261.131)
Build info: version: '4.18.1', revision: 'b1d3319b48'
System info: os.name: 'Windows 11', os.arch: 'amd64', os.version: '10.0', java.version: '21.0.2'
Driver info: org.openqa.selenium.chrome.ChromeDriver
Command: [f06198bc7a989af1a02c247d61b69acc, sendKeysToElement {id=f.4A39B58E6D4D8DAD65DD821CF5FE9F59.d.86A666EA3088A0EAC34F5F2E2D35C47D.e.33, value=[Ljava.lang.CharSequence;@4368299e}]
Capabilities {acceptInsecureCerts: false, browserName: chrome, browserVersion: 122.0.6261.131, chrome: {chromedriverVersion: 122.0.6261.128 (f18a44fedeb..., userDataDir: C:\Users\12159\AppData\Loca...}, fedcm:accounts: true, goog:chromeOptions: {debuggerAddress: localhost:59200}, networkConnectionEnabled: false, pageLoadStrategy: normal, platformName: windows, proxy: Proxy(), se:cdp: ws://localhost:59200/devtoo..., se:cdpVersion: 122.0.6261.131, setWindowRect: true, strictFileInteractability: false, timeouts: {implicit: 0, pageLoad: 300000, script: 30000}, unhandledPromptBehavior: dismiss and notify, webauthn:extension:credBlob: true, webauthn:extension:largeBlob: true, webauthn:extension:minPinLength: true, webauthn:extension:prf: true, webauthn:virtualAuthenticators: true}
Element: [[ChromeDriver: chrome on windows (f06198bc7a989af1a02c247d61b69acc)] -> xpath: //form[@id='answer_form']/div/div/div/textarea]
Session ID: f06198bc7a989af1a02c247d61b69acc
at java.base/jdk.internal.reflect.DirectConstructorHandleAccessor.newInstance(DirectConstructorHandleAccessor.java:62)
at java.base/java.lang.reflect.Constructor.newInstanceWithCaller(Constructor.java:502)
at java.base/java.lang.reflect.Constructor.newInstance(Constructor.java:486)
at org.openqa.selenium.remote.ErrorCodec.decode(ErrorCodec.java:167)
at org.openqa.selenium.remote.codec.w3c.W3CHttpResponseCodec.decode(W3CHttpResponseCodec.java:138)
at org.openqa.selenium.remote.codec.w3c.W3CHttpResponseCodec.decode(W3CHttpResponseCodec.java:50)
at org.openqa.selenium.remote.HttpCommandExecutor.execute(HttpCommandExecutor.java:190)
at org.openqa.selenium.remote.service.DriverCommandExecutor.invokeExecute(DriverCommandExecutor.java:216)
at org.openqa.selenium.remote.service.DriverCommandExecutor.execute(DriverCommandExecutor.java:174)
at org.openqa.selenium.remote.RemoteWebDriver.execute(RemoteWebDriver.java:519)
at org.openqa.selenium.remote.RemoteWebElement.execute(RemoteWebElement.java:223)
at org.openqa.selenium.remote.RemoteWebElement.sendKeys(RemoteWebElement.java:110)
at dsalgo.pageobjects.TreePage.sendCodeToEditor(TreePage.java:69)
at dsalgo.stepdefinitions.TreePageStepDefinitions.user_clicks_on_run_button_entering_code_and(TreePageStepDefinitions.java:105)
at ✽.User clicks on Run Button entering code "Input and Output" and 1(file:///C:/Users/12159/git/DSAlgoProject/src/test/resources/Features/5TreeDS.feature:15)
]]>
            </full-stacktrace>
          </exception> <!-- org.openqa.selenium.ElementNotInteractableException -->
          <reporter-output>
          </reporter-output>
        </test-method> <!-- runScenario -->
        <test-method signature="runScenario(io.cucumber.testng.PickleWrapper,io.cucumber.testng.FeatureWrapper)[pri:0, instance:runner.TestRunner@50dfbc58]" started-at="2024-03-21T00:58:11 EDT" name="runScenario" description="Runs Cucumber Scenarios" data-provider="scenarios" finished-at="2024-03-21T00:58:18 EDT" duration-ms="7588" status="PASS">
          <params>
            <param index="0">
              <value>
                <![CDATA["clicking on concepts under tree and giving code in try Editor"]]>
              </value>
            </param>
            <param index="1">
              <value>
                <![CDATA["Test Case Scenarios for Tree DS"]]>
              </value>
            </param>
          </params>
          <reporter-output>
          </reporter-output>
        </test-method> <!-- runScenario -->
        <test-method signature="runScenario(io.cucumber.testng.PickleWrapper,io.cucumber.testng.FeatureWrapper)[pri:0, instance:runner.TestRunner@50dfbc58]" started-at="2024-03-21T00:58:11 EDT" name="runScenario" description="Runs Cucumber Scenarios" data-provider="scenarios" finished-at="2024-03-21T00:58:29 EDT" duration-ms="17733" status="FAIL">
          <params>
            <param index="0">
              <value>
                <![CDATA["clicking on concepts under tree and giving code in try Editor"]]>
              </value>
            </param>
            <param index="1">
              <value>
                <![CDATA["Test Case Scenarios for Tree DS"]]>
              </value>
            </param>
          </params>
          <exception class="org.openqa.selenium.ElementNotInteractableException">
            <message>
              <![CDATA[element not interactable
  (Session info: chrome=122.0.6261.131)
Build info: version: '4.18.1', revision: 'b1d3319b48'
System info: os.name: 'Windows 11', os.arch: 'amd64', os.version: '10.0', java.version: '21.0.2'
Driver info: org.openqa.selenium.chrome.ChromeDriver
Command: [1b3e5499c4211472f00d8ac41c0f8331, sendKeysToElement {id=f.D351CBEAEFA140C38ADA49D011DD2BC4.d.AD4EA2666BE61C04698F6CAD04125613.e.35, value=[Ljava.lang.CharSequence;@6a456294}]
Capabilities {acceptInsecureCerts: false, browserName: chrome, browserVersion: 122.0.6261.131, chrome: {chromedriverVersion: 122.0.6261.128 (f18a44fedeb..., userDataDir: C:\Users\12159\AppData\Loca...}, fedcm:accounts: true, goog:chromeOptions: {debuggerAddress: localhost:59223}, networkConnectionEnabled: false, pageLoadStrategy: normal, platformName: windows, proxy: Proxy(), se:cdp: ws://localhost:59223/devtoo..., se:cdpVersion: 122.0.6261.131, setWindowRect: true, strictFileInteractability: false, timeouts: {implicit: 0, pageLoad: 300000, script: 30000}, unhandledPromptBehavior: dismiss and notify, webauthn:extension:credBlob: true, webauthn:extension:largeBlob: true, webauthn:extension:minPinLength: true, webauthn:extension:prf: true, webauthn:virtualAuthenticators: true}
Element: [[ChromeDriver: chrome on windows (1b3e5499c4211472f00d8ac41c0f8331)] -> xpath: //form[@id='answer_form']/div/div/div/textarea]
Session ID: 1b3e5499c4211472f00d8ac41c0f8331]]>
            </message>
            <full-stacktrace>
              <![CDATA[org.openqa.selenium.ElementNotInteractableException: element not interactable
  (Session info: chrome=122.0.6261.131)
Build info: version: '4.18.1', revision: 'b1d3319b48'
System info: os.name: 'Windows 11', os.arch: 'amd64', os.version: '10.0', java.version: '21.0.2'
Driver info: org.openqa.selenium.chrome.ChromeDriver
Command: [1b3e5499c4211472f00d8ac41c0f8331, sendKeysToElement {id=f.D351CBEAEFA140C38ADA49D011DD2BC4.d.AD4EA2666BE61C04698F6CAD04125613.e.35, value=[Ljava.lang.CharSequence;@6a456294}]
Capabilities {acceptInsecureCerts: false, browserName: chrome, browserVersion: 122.0.6261.131, chrome: {chromedriverVersion: 122.0.6261.128 (f18a44fedeb..., userDataDir: C:\Users\12159\AppData\Loca...}, fedcm:accounts: true, goog:chromeOptions: {debuggerAddress: localhost:59223}, networkConnectionEnabled: false, pageLoadStrategy: normal, platformName: windows, proxy: Proxy(), se:cdp: ws://localhost:59223/devtoo..., se:cdpVersion: 122.0.6261.131, setWindowRect: true, strictFileInteractability: false, timeouts: {implicit: 0, pageLoad: 300000, script: 30000}, unhandledPromptBehavior: dismiss and notify, webauthn:extension:credBlob: true, webauthn:extension:largeBlob: true, webauthn:extension:minPinLength: true, webauthn:extension:prf: true, webauthn:virtualAuthenticators: true}
Element: [[ChromeDriver: chrome on windows (1b3e5499c4211472f00d8ac41c0f8331)] -> xpath: //form[@id='answer_form']/div/div/div/textarea]
Session ID: 1b3e5499c4211472f00d8ac41c0f8331
at java.base/jdk.internal.reflect.DirectConstructorHandleAccessor.newInstance(DirectConstructorHandleAccessor.java:62)
at java.base/java.lang.reflect.Constructor.newInstanceWithCaller(Constructor.java:502)
at java.base/java.lang.reflect.Constructor.newInstance(Constructor.java:486)
at org.openqa.selenium.remote.ErrorCodec.decode(ErrorCodec.java:167)
at org.openqa.selenium.remote.codec.w3c.W3CHttpResponseCodec.decode(W3CHttpResponseCodec.java:138)
at org.openqa.selenium.remote.codec.w3c.W3CHttpResponseCodec.decode(W3CHttpResponseCodec.java:50)
at org.openqa.selenium.remote.HttpCommandExecutor.execute(HttpCommandExecutor.java:190)
at org.openqa.selenium.remote.service.DriverCommandExecutor.invokeExecute(DriverCommandExecutor.java:216)
at org.openqa.selenium.remote.service.DriverCommandExecutor.execute(DriverCommandExecutor.java:174)
at org.openqa.selenium.remote.RemoteWebDriver.execute(RemoteWebDriver.java:519)
at org.openqa.selenium.remote.RemoteWebElement.execute(RemoteWebElement.java:223)
at org.openqa.selenium.remote.RemoteWebElement.sendKeys(RemoteWebElement.java:110)
at dsalgo.pageobjects.TreePage.sendCodeToEditor(TreePage.java:69)
at dsalgo.stepdefinitions.TreePageStepDefinitions.user_clicks_on_run_button_entering_code_and(TreePageStepDefinitions.java:105)
at ✽.User clicks on Run Button entering code "Input and Output" and 0(file:///C:/Users/12159/git/DSAlgoProject/src/test/resources/Features/5TreeDS.feature:15)
]]>
            </full-stacktrace>
          </exception> <!-- org.openqa.selenium.ElementNotInteractableException -->
          <reporter-output>
          </reporter-output>
        </test-method> <!-- runScenario -->
        <test-method signature="runScenario(io.cucumber.testng.PickleWrapper,io.cucumber.testng.FeatureWrapper)[pri:0, instance:runner.TestRunner@50dfbc58]" started-at="2024-03-21T00:58:11 EDT" name="runScenario" description="Runs Cucumber Scenarios" data-provider="scenarios" finished-at="2024-03-21T00:58:19 EDT" duration-ms="8258" status="FAIL">
          <params>
            <param index="0">
              <value>
                <![CDATA["clicking on concepts under tree and giving code in try Editor"]]>
              </value>
            </param>
            <param index="1">
              <value>
                <![CDATA["Test Case Scenarios for Tree DS"]]>
              </value>
            </param>
          </params>
          <exception class="java.lang.AssertionError">
            <message>
              <![CDATA[expected:<false> but was:<true>]]>
            </message>
            <full-stacktrace>
              <![CDATA[java.lang.AssertionError: expected:<false> but was:<true>
at org.junit.Assert.fail(Assert.java:89)
at org.junit.Assert.failNotEquals(Assert.java:835)
at org.junit.Assert.assertEquals(Assert.java:120)
at org.junit.Assert.assertEquals(Assert.java:146)
at dsalgo.stepdefinitions.TreePageStepDefinitions.user_should_be_redirected_to_editor_s_page_with_run_button(TreePageStepDefinitions.java:89)
at ✽.User should be redirected to Editor's page with Run Button(file:///C:/Users/12159/git/DSAlgoProject/src/test/resources/Features/5TreeDS.feature:14)
]]>
            </full-stacktrace>
          </exception> <!-- java.lang.AssertionError -->
          <reporter-output>
          </reporter-output>
        </test-method> <!-- runScenario -->
        <test-method signature="runScenario(io.cucumber.testng.PickleWrapper,io.cucumber.testng.FeatureWrapper)[pri:0, instance:runner.TestRunner@50dfbc58]" started-at="2024-03-21T00:58:11 EDT" name="runScenario" description="Runs Cucumber Scenarios" data-provider="scenarios" finished-at="2024-03-21T00:58:30 EDT" duration-ms="18513" status="FAIL">
          <params>
            <param index="0">
              <value>
                <![CDATA["clicking on concepts under tree and giving code in try Editor"]]>
              </value>
            </param>
            <param index="1">
              <value>
                <![CDATA["Test Case Scenarios for Tree DS"]]>
              </value>
            </param>
          </params>
          <exception class="org.openqa.selenium.ElementNotInteractableException">
            <message>
              <![CDATA[element not interactable
  (Session info: chrome=122.0.6261.131)
Build info: version: '4.18.1', revision: 'b1d3319b48'
System info: os.name: 'Windows 11', os.arch: 'amd64', os.version: '10.0', java.version: '21.0.2'
Driver info: org.openqa.selenium.chrome.ChromeDriver
Command: [856ff0d748e9c34845b0bda1715bf164, sendKeysToElement {id=f.9CC8F8F6E8496BDA336EAAC8F72D6BA1.d.C7C152C7B9AFA336FF7767D223388EEA.e.29, value=[Ljava.lang.CharSequence;@1d141b8}]
Capabilities {acceptInsecureCerts: false, browserName: chrome, browserVersion: 122.0.6261.131, chrome: {chromedriverVersion: 122.0.6261.128 (f18a44fedeb..., userDataDir: C:\Users\12159\AppData\Loca...}, fedcm:accounts: true, goog:chromeOptions: {debuggerAddress: localhost:59276}, networkConnectionEnabled: false, pageLoadStrategy: normal, platformName: windows, proxy: Proxy(), se:cdp: ws://localhost:59276/devtoo..., se:cdpVersion: 122.0.6261.131, setWindowRect: true, strictFileInteractability: false, timeouts: {implicit: 0, pageLoad: 300000, script: 30000}, unhandledPromptBehavior: dismiss and notify, webauthn:extension:credBlob: true, webauthn:extension:largeBlob: true, webauthn:extension:minPinLength: true, webauthn:extension:prf: true, webauthn:virtualAuthenticators: true}
Element: [[ChromeDriver: chrome on windows (856ff0d748e9c34845b0bda1715bf164)] -> xpath: //form[@id='answer_form']/div/div/div/textarea]
Session ID: 856ff0d748e9c34845b0bda1715bf164]]>
            </message>
            <full-stacktrace>
              <![CDATA[org.openqa.selenium.ElementNotInteractableException: element not interactable
  (Session info: chrome=122.0.6261.131)
Build info: version: '4.18.1', revision: 'b1d3319b48'
System info: os.name: 'Windows 11', os.arch: 'amd64', os.version: '10.0', java.version: '21.0.2'
Driver info: org.openqa.selenium.chrome.ChromeDriver
Command: [856ff0d748e9c34845b0bda1715bf164, sendKeysToElement {id=f.9CC8F8F6E8496BDA336EAAC8F72D6BA1.d.C7C152C7B9AFA336FF7767D223388EEA.e.29, value=[Ljava.lang.CharSequence;@1d141b8}]
Capabilities {acceptInsecureCerts: false, browserName: chrome, browserVersion: 122.0.6261.131, chrome: {chromedriverVersion: 122.0.6261.128 (f18a44fedeb..., userDataDir: C:\Users\12159\AppData\Loca...}, fedcm:accounts: true, goog:chromeOptions: {debuggerAddress: localhost:59276}, networkConnectionEnabled: false, pageLoadStrategy: normal, platformName: windows, proxy: Proxy(), se:cdp: ws://localhost:59276/devtoo..., se:cdpVersion: 122.0.6261.131, setWindowRect: true, strictFileInteractability: false, timeouts: {implicit: 0, pageLoad: 300000, script: 30000}, unhandledPromptBehavior: dismiss and notify, webauthn:extension:credBlob: true, webauthn:extension:largeBlob: true, webauthn:extension:minPinLength: true, webauthn:extension:prf: true, webauthn:virtualAuthenticators: true}
Element: [[ChromeDriver: chrome on windows (856ff0d748e9c34845b0bda1715bf164)] -> xpath: //form[@id='answer_form']/div/div/div/textarea]
Session ID: 856ff0d748e9c34845b0bda1715bf164
at java.base/jdk.internal.reflect.DirectConstructorHandleAccessor.newInstance(DirectConstructorHandleAccessor.java:62)
at java.base/java.lang.reflect.Constructor.newInstanceWithCaller(Constructor.java:502)
at java.base/java.lang.reflect.Constructor.newInstance(Constructor.java:486)
at org.openqa.selenium.remote.ErrorCodec.decode(ErrorCodec.java:167)
at org.openqa.selenium.remote.codec.w3c.W3CHttpResponseCodec.decode(W3CHttpResponseCodec.java:138)
at org.openqa.selenium.remote.codec.w3c.W3CHttpResponseCodec.decode(W3CHttpResponseCodec.java:50)
at org.openqa.selenium.remote.HttpCommandExecutor.execute(HttpCommandExecutor.java:190)
at org.openqa.selenium.remote.service.DriverCommandExecutor.invokeExecute(DriverCommandExecutor.java:216)
at org.openqa.selenium.remote.service.DriverCommandExecutor.execute(DriverCommandExecutor.java:174)
at org.openqa.selenium.remote.RemoteWebDriver.execute(RemoteWebDriver.java:519)
at org.openqa.selenium.remote.RemoteWebElement.execute(RemoteWebElement.java:223)
at org.openqa.selenium.remote.RemoteWebElement.sendKeys(RemoteWebElement.java:110)
at dsalgo.pageobjects.TreePage.sendCodeToEditor(TreePage.java:69)
at dsalgo.stepdefinitions.TreePageStepDefinitions.user_clicks_on_run_button_entering_code_and(TreePageStepDefinitions.java:105)
at ✽.User clicks on Run Button entering code "Input and Output" and 2(file:///C:/Users/12159/git/DSAlgoProject/src/test/resources/Features/5TreeDS.feature:15)
]]>
            </full-stacktrace>
          </exception> <!-- org.openqa.selenium.ElementNotInteractableException -->
          <reporter-output>
          </reporter-output>
        </test-method> <!-- runScenario -->
        <test-method signature="runScenario(io.cucumber.testng.PickleWrapper,io.cucumber.testng.FeatureWrapper)[pri:0, instance:runner.TestRunner@50dfbc58]" started-at="2024-03-21T00:58:11 EDT" name="runScenario" description="Runs Cucumber Scenarios" data-provider="scenarios" finished-at="2024-03-21T00:58:30 EDT" duration-ms="18200" status="FAIL">
          <params>
            <param index="0">
              <value>
                <![CDATA["clicking on concepts under tree and giving code in try Editor"]]>
              </value>
            </param>
            <param index="1">
              <value>
                <![CDATA["Test Case Scenarios for Tree DS"]]>
              </value>
            </param>
          </params>
          <exception class="org.openqa.selenium.ElementNotInteractableException">
            <message>
              <![CDATA[element not interactable
  (Session info: chrome=122.0.6261.131)
Build info: version: '4.18.1', revision: 'b1d3319b48'
System info: os.name: 'Windows 11', os.arch: 'amd64', os.version: '10.0', java.version: '21.0.2'
Driver info: org.openqa.selenium.chrome.ChromeDriver
Command: [c54e300f1fb5fd5b00390cd95a17fd51, sendKeysToElement {id=f.924920AA07D734822BC32934B30B03C6.d.3515BC541E62F37B9E26F48029B7BD60.e.31, value=[Ljava.lang.CharSequence;@6c26ac39}]
Capabilities {acceptInsecureCerts: false, browserName: chrome, browserVersion: 122.0.6261.131, chrome: {chromedriverVersion: 122.0.6261.128 (f18a44fedeb..., userDataDir: C:\Users\12159\AppData\Loca...}, fedcm:accounts: true, goog:chromeOptions: {debuggerAddress: localhost:59305}, networkConnectionEnabled: false, pageLoadStrategy: normal, platformName: windows, proxy: Proxy(), se:cdp: ws://localhost:59305/devtoo..., se:cdpVersion: 122.0.6261.131, setWindowRect: true, strictFileInteractability: false, timeouts: {implicit: 0, pageLoad: 300000, script: 30000}, unhandledPromptBehavior: dismiss and notify, webauthn:extension:credBlob: true, webauthn:extension:largeBlob: true, webauthn:extension:minPinLength: true, webauthn:extension:prf: true, webauthn:virtualAuthenticators: true}
Element: [[ChromeDriver: chrome on windows (c54e300f1fb5fd5b00390cd95a17fd51)] -> xpath: //form[@id='answer_form']/div/div/div/textarea]
Session ID: c54e300f1fb5fd5b00390cd95a17fd51]]>
            </message>
            <full-stacktrace>
              <![CDATA[org.openqa.selenium.ElementNotInteractableException: element not interactable
  (Session info: chrome=122.0.6261.131)
Build info: version: '4.18.1', revision: 'b1d3319b48'
System info: os.name: 'Windows 11', os.arch: 'amd64', os.version: '10.0', java.version: '21.0.2'
Driver info: org.openqa.selenium.chrome.ChromeDriver
Command: [c54e300f1fb5fd5b00390cd95a17fd51, sendKeysToElement {id=f.924920AA07D734822BC32934B30B03C6.d.3515BC541E62F37B9E26F48029B7BD60.e.31, value=[Ljava.lang.CharSequence;@6c26ac39}]
Capabilities {acceptInsecureCerts: false, browserName: chrome, browserVersion: 122.0.6261.131, chrome: {chromedriverVersion: 122.0.6261.128 (f18a44fedeb..., userDataDir: C:\Users\12159\AppData\Loca...}, fedcm:accounts: true, goog:chromeOptions: {debuggerAddress: localhost:59305}, networkConnectionEnabled: false, pageLoadStrategy: normal, platformName: windows, proxy: Proxy(), se:cdp: ws://localhost:59305/devtoo..., se:cdpVersion: 122.0.6261.131, setWindowRect: true, strictFileInteractability: false, timeouts: {implicit: 0, pageLoad: 300000, script: 30000}, unhandledPromptBehavior: dismiss and notify, webauthn:extension:credBlob: true, webauthn:extension:largeBlob: true, webauthn:extension:minPinLength: true, webauthn:extension:prf: true, webauthn:virtualAuthenticators: true}
Element: [[ChromeDriver: chrome on windows (c54e300f1fb5fd5b00390cd95a17fd51)] -> xpath: //form[@id='answer_form']/div/div/div/textarea]
Session ID: c54e300f1fb5fd5b00390cd95a17fd51
at java.base/jdk.internal.reflect.DirectConstructorHandleAccessor.newInstance(DirectConstructorHandleAccessor.java:62)
at java.base/java.lang.reflect.Constructor.newInstanceWithCaller(Constructor.java:502)
at java.base/java.lang.reflect.Constructor.newInstance(Constructor.java:486)
at org.openqa.selenium.remote.ErrorCodec.decode(ErrorCodec.java:167)
at org.openqa.selenium.remote.codec.w3c.W3CHttpResponseCodec.decode(W3CHttpResponseCodec.java:138)
at org.openqa.selenium.remote.codec.w3c.W3CHttpResponseCodec.decode(W3CHttpResponseCodec.java:50)
at org.openqa.selenium.remote.HttpCommandExecutor.execute(HttpCommandExecutor.java:190)
at org.openqa.selenium.remote.service.DriverCommandExecutor.invokeExecute(DriverCommandExecutor.java:216)
at org.openqa.selenium.remote.service.DriverCommandExecutor.execute(DriverCommandExecutor.java:174)
at org.openqa.selenium.remote.RemoteWebDriver.execute(RemoteWebDriver.java:519)
at org.openqa.selenium.remote.RemoteWebElement.execute(RemoteWebElement.java:223)
at org.openqa.selenium.remote.RemoteWebElement.sendKeys(RemoteWebElement.java:110)
at dsalgo.pageobjects.TreePage.sendCodeToEditor(TreePage.java:69)
at dsalgo.stepdefinitions.TreePageStepDefinitions.user_clicks_on_run_button_entering_code_and(TreePageStepDefinitions.java:105)
at ✽.User clicks on Run Button entering code "Input and Output" and 0(file:///C:/Users/12159/git/DSAlgoProject/src/test/resources/Features/5TreeDS.feature:15)
]]>
            </full-stacktrace>
          </exception> <!-- org.openqa.selenium.ElementNotInteractableException -->
          <reporter-output>
          </reporter-output>
        </test-method> <!-- runScenario -->
        <test-method signature="runScenario(io.cucumber.testng.PickleWrapper,io.cucumber.testng.FeatureWrapper)[pri:0, instance:runner.TestRunner@50dfbc58]" started-at="2024-03-21T00:58:13 EDT" name="runScenario" description="Runs Cucumber Scenarios" data-provider="scenarios" finished-at="2024-03-21T00:58:31 EDT" duration-ms="18394" status="FAIL">
          <params>
            <param index="0">
              <value>
                <![CDATA["clicking on concepts under tree and giving code in try Editor"]]>
              </value>
            </param>
            <param index="1">
              <value>
                <![CDATA["Test Case Scenarios for Tree DS"]]>
              </value>
            </param>
          </params>
          <exception class="org.openqa.selenium.ElementNotInteractableException">
            <message>
              <![CDATA[element not interactable
  (Session info: chrome=122.0.6261.131)
Build info: version: '4.18.1', revision: 'b1d3319b48'
System info: os.name: 'Windows 11', os.arch: 'amd64', os.version: '10.0', java.version: '21.0.2'
Driver info: org.openqa.selenium.chrome.ChromeDriver
Command: [9bb54784351d6e7bc9dcf22a27db8533, sendKeysToElement {id=f.904C2C079021F60D2D558B1571BEDD6D.d.7AE8E5E9C85DC3CB92CAE58DF53464A5.e.32, value=[Ljava.lang.CharSequence;@efd50ff}]
Capabilities {acceptInsecureCerts: false, browserName: chrome, browserVersion: 122.0.6261.131, chrome: {chromedriverVersion: 122.0.6261.128 (f18a44fedeb..., userDataDir: C:\Users\12159\AppData\Loca...}, fedcm:accounts: true, goog:chromeOptions: {debuggerAddress: localhost:59384}, networkConnectionEnabled: false, pageLoadStrategy: normal, platformName: windows, proxy: Proxy(), se:cdp: ws://localhost:59384/devtoo..., se:cdpVersion: 122.0.6261.131, setWindowRect: true, strictFileInteractability: false, timeouts: {implicit: 0, pageLoad: 300000, script: 30000}, unhandledPromptBehavior: dismiss and notify, webauthn:extension:credBlob: true, webauthn:extension:largeBlob: true, webauthn:extension:minPinLength: true, webauthn:extension:prf: true, webauthn:virtualAuthenticators: true}
Element: [[ChromeDriver: chrome on windows (9bb54784351d6e7bc9dcf22a27db8533)] -> xpath: //form[@id='answer_form']/div/div/div/textarea]
Session ID: 9bb54784351d6e7bc9dcf22a27db8533]]>
            </message>
            <full-stacktrace>
              <![CDATA[org.openqa.selenium.ElementNotInteractableException: element not interactable
  (Session info: chrome=122.0.6261.131)
Build info: version: '4.18.1', revision: 'b1d3319b48'
System info: os.name: 'Windows 11', os.arch: 'amd64', os.version: '10.0', java.version: '21.0.2'
Driver info: org.openqa.selenium.chrome.ChromeDriver
Command: [9bb54784351d6e7bc9dcf22a27db8533, sendKeysToElement {id=f.904C2C079021F60D2D558B1571BEDD6D.d.7AE8E5E9C85DC3CB92CAE58DF53464A5.e.32, value=[Ljava.lang.CharSequence;@efd50ff}]
Capabilities {acceptInsecureCerts: false, browserName: chrome, browserVersion: 122.0.6261.131, chrome: {chromedriverVersion: 122.0.6261.128 (f18a44fedeb..., userDataDir: C:\Users\12159\AppData\Loca...}, fedcm:accounts: true, goog:chromeOptions: {debuggerAddress: localhost:59384}, networkConnectionEnabled: false, pageLoadStrategy: normal, platformName: windows, proxy: Proxy(), se:cdp: ws://localhost:59384/devtoo..., se:cdpVersion: 122.0.6261.131, setWindowRect: true, strictFileInteractability: false, timeouts: {implicit: 0, pageLoad: 300000, script: 30000}, unhandledPromptBehavior: dismiss and notify, webauthn:extension:credBlob: true, webauthn:extension:largeBlob: true, webauthn:extension:minPinLength: true, webauthn:extension:prf: true, webauthn:virtualAuthenticators: true}
Element: [[ChromeDriver: chrome on windows (9bb54784351d6e7bc9dcf22a27db8533)] -> xpath: //form[@id='answer_form']/div/div/div/textarea]
Session ID: 9bb54784351d6e7bc9dcf22a27db8533
at java.base/jdk.internal.reflect.DirectConstructorHandleAccessor.newInstance(DirectConstructorHandleAccessor.java:62)
at java.base/java.lang.reflect.Constructor.newInstanceWithCaller(Constructor.java:502)
at java.base/java.lang.reflect.Constructor.newInstance(Constructor.java:486)
at org.openqa.selenium.remote.ErrorCodec.decode(ErrorCodec.java:167)
at org.openqa.selenium.remote.codec.w3c.W3CHttpResponseCodec.decode(W3CHttpResponseCodec.java:138)
at org.openqa.selenium.remote.codec.w3c.W3CHttpResponseCodec.decode(W3CHttpResponseCodec.java:50)
at org.openqa.selenium.remote.HttpCommandExecutor.execute(HttpCommandExecutor.java:190)
at org.openqa.selenium.remote.service.DriverCommandExecutor.invokeExecute(DriverCommandExecutor.java:216)
at org.openqa.selenium.remote.service.DriverCommandExecutor.execute(DriverCommandExecutor.java:174)
at org.openqa.selenium.remote.RemoteWebDriver.execute(RemoteWebDriver.java:519)
at org.openqa.selenium.remote.RemoteWebElement.execute(RemoteWebElement.java:223)
at org.openqa.selenium.remote.RemoteWebElement.sendKeys(RemoteWebElement.java:110)
at dsalgo.pageobjects.TreePage.sendCodeToEditor(TreePage.java:69)
at dsalgo.stepdefinitions.TreePageStepDefinitions.user_clicks_on_run_button_entering_code_and(TreePageStepDefinitions.java:105)
at ✽.User clicks on Run Button entering code "Input and Output" and 1(file:///C:/Users/12159/git/DSAlgoProject/src/test/resources/Features/5TreeDS.feature:15)
]]>
            </full-stacktrace>
          </exception> <!-- org.openqa.selenium.ElementNotInteractableException -->
          <reporter-output>
          </reporter-output>
        </test-method> <!-- runScenario -->
        <test-method signature="runScenario(io.cucumber.testng.PickleWrapper,io.cucumber.testng.FeatureWrapper)[pri:0, instance:runner.TestRunner@50dfbc58]" started-at="2024-03-21T00:58:13 EDT" name="runScenario" description="Runs Cucumber Scenarios" data-provider="scenarios" finished-at="2024-03-21T00:58:25 EDT" duration-ms="11197" status="PASS">
          <params>
            <param index="0">
              <value>
                <![CDATA["clicking on concepts under tree and giving code in try Editor"]]>
              </value>
            </param>
            <param index="1">
              <value>
                <![CDATA["Test Case Scenarios for Tree DS"]]>
              </value>
            </param>
          </params>
          <reporter-output>
          </reporter-output>
        </test-method> <!-- runScenario -->
        <test-method signature="runScenario(io.cucumber.testng.PickleWrapper,io.cucumber.testng.FeatureWrapper)[pri:0, instance:runner.TestRunner@50dfbc58]" started-at="2024-03-21T00:58:18 EDT" name="runScenario" description="Runs Cucumber Scenarios" data-provider="scenarios" finished-at="2024-03-21T00:58:24 EDT" duration-ms="5906" status="PASS">
          <params>
            <param index="0">
              <value>
                <![CDATA["clicking on concepts under tree and giving code in try Editor"]]>
              </value>
            </param>
            <param index="1">
              <value>
                <![CDATA["Test Case Scenarios for Tree DS"]]>
              </value>
            </param>
          </params>
          <reporter-output>
          </reporter-output>
        </test-method> <!-- runScenario -->
        <test-method signature="runScenario(io.cucumber.testng.PickleWrapper,io.cucumber.testng.FeatureWrapper)[pri:0, instance:runner.TestRunner@50dfbc58]" started-at="2024-03-21T00:58:18 EDT" name="runScenario" description="Runs Cucumber Scenarios" data-provider="scenarios" finished-at="2024-03-21T00:58:23 EDT" duration-ms="4976" status="PASS">
          <params>
            <param index="0">
              <value>
                <![CDATA["clicking on concepts under tree and giving code in try Editor"]]>
              </value>
            </param>
            <param index="1">
              <value>
                <![CDATA["Test Case Scenarios for Tree DS"]]>
              </value>
            </param>
          </params>
          <reporter-output>
          </reporter-output>
        </test-method> <!-- runScenario -->
        <test-method signature="runScenario(io.cucumber.testng.PickleWrapper,io.cucumber.testng.FeatureWrapper)[pri:0, instance:runner.TestRunner@50dfbc58]" started-at="2024-03-21T00:58:18 EDT" name="runScenario" description="Runs Cucumber Scenarios" data-provider="scenarios" finished-at="2024-03-21T00:58:24 EDT" duration-ms="5307" status="PASS">
          <params>
            <param index="0">
              <value>
                <![CDATA["clicking on concepts under tree and giving code in try Editor"]]>
              </value>
            </param>
            <param index="1">
              <value>
                <![CDATA["Test Case Scenarios for Tree DS"]]>
              </value>
            </param>
          </params>
          <reporter-output>
          </reporter-output>
        </test-method> <!-- runScenario -->
        <test-method signature="runScenario(io.cucumber.testng.PickleWrapper,io.cucumber.testng.FeatureWrapper)[pri:0, instance:runner.TestRunner@50dfbc58]" started-at="2024-03-21T00:58:19 EDT" name="runScenario" description="Runs Cucumber Scenarios" data-provider="scenarios" finished-at="2024-03-21T00:58:24 EDT" duration-ms="4434" status="PASS">
          <params>
            <param index="0">
              <value>
                <![CDATA["clicking on concepts under tree and giving code in try Editor"]]>
              </value>
            </param>
            <param index="1">
              <value>
                <![CDATA["Test Case Scenarios for Tree DS"]]>
              </value>
            </param>
          </params>
          <reporter-output>
          </reporter-output>
        </test-method> <!-- runScenario -->
        <test-method signature="runScenario(io.cucumber.testng.PickleWrapper,io.cucumber.testng.FeatureWrapper)[pri:0, instance:runner.TestRunner@50dfbc58]" started-at="2024-03-21T00:58:23 EDT" name="runScenario" description="Runs Cucumber Scenarios" data-provider="scenarios" finished-at="2024-03-21T00:58:38 EDT" duration-ms="15017" status="FAIL">
          <params>
            <param index="0">
              <value>
                <![CDATA["clicking on concepts under tree and giving code in try Editor"]]>
              </value>
            </param>
            <param index="1">
              <value>
                <![CDATA["Test Case Scenarios for Tree DS"]]>
              </value>
            </param>
          </params>
          <exception class="org.openqa.selenium.ElementNotInteractableException">
            <message>
              <![CDATA[element not interactable
  (Session info: chrome=122.0.6261.131)
Build info: version: '4.18.1', revision: 'b1d3319b48'
System info: os.name: 'Windows 11', os.arch: 'amd64', os.version: '10.0', java.version: '21.0.2'
Driver info: org.openqa.selenium.chrome.ChromeDriver
Command: [8227cc0958bd19c4a8e1c48b79070871, sendKeysToElement {id=f.9648A4E79C7A2B34B983161E36BD1BC5.d.FB09E131259B2EEB9E5B5657E4BB2508.e.28, value=[Ljava.lang.CharSequence;@5e5ad4bc}]
Capabilities {acceptInsecureCerts: false, browserName: chrome, browserVersion: 122.0.6261.131, chrome: {chromedriverVersion: 122.0.6261.128 (f18a44fedeb..., userDataDir: C:\Users\12159\AppData\Loca...}, fedcm:accounts: true, goog:chromeOptions: {debuggerAddress: localhost:59672}, networkConnectionEnabled: false, pageLoadStrategy: normal, platformName: windows, proxy: Proxy(), se:cdp: ws://localhost:59672/devtoo..., se:cdpVersion: 122.0.6261.131, setWindowRect: true, strictFileInteractability: false, timeouts: {implicit: 0, pageLoad: 300000, script: 30000}, unhandledPromptBehavior: dismiss and notify, webauthn:extension:credBlob: true, webauthn:extension:largeBlob: true, webauthn:extension:minPinLength: true, webauthn:extension:prf: true, webauthn:virtualAuthenticators: true}
Element: [[ChromeDriver: chrome on windows (8227cc0958bd19c4a8e1c48b79070871)] -> xpath: //form[@id='answer_form']/div/div/div/textarea]
Session ID: 8227cc0958bd19c4a8e1c48b79070871]]>
            </message>
            <full-stacktrace>
              <![CDATA[org.openqa.selenium.ElementNotInteractableException: element not interactable
  (Session info: chrome=122.0.6261.131)
Build info: version: '4.18.1', revision: 'b1d3319b48'
System info: os.name: 'Windows 11', os.arch: 'amd64', os.version: '10.0', java.version: '21.0.2'
Driver info: org.openqa.selenium.chrome.ChromeDriver
Command: [8227cc0958bd19c4a8e1c48b79070871, sendKeysToElement {id=f.9648A4E79C7A2B34B983161E36BD1BC5.d.FB09E131259B2EEB9E5B5657E4BB2508.e.28, value=[Ljava.lang.CharSequence;@5e5ad4bc}]
Capabilities {acceptInsecureCerts: false, browserName: chrome, browserVersion: 122.0.6261.131, chrome: {chromedriverVersion: 122.0.6261.128 (f18a44fedeb..., userDataDir: C:\Users\12159\AppData\Loca...}, fedcm:accounts: true, goog:chromeOptions: {debuggerAddress: localhost:59672}, networkConnectionEnabled: false, pageLoadStrategy: normal, platformName: windows, proxy: Proxy(), se:cdp: ws://localhost:59672/devtoo..., se:cdpVersion: 122.0.6261.131, setWindowRect: true, strictFileInteractability: false, timeouts: {implicit: 0, pageLoad: 300000, script: 30000}, unhandledPromptBehavior: dismiss and notify, webauthn:extension:credBlob: true, webauthn:extension:largeBlob: true, webauthn:extension:minPinLength: true, webauthn:extension:prf: true, webauthn:virtualAuthenticators: true}
Element: [[ChromeDriver: chrome on windows (8227cc0958bd19c4a8e1c48b79070871)] -> xpath: //form[@id='answer_form']/div/div/div/textarea]
Session ID: 8227cc0958bd19c4a8e1c48b79070871
at java.base/jdk.internal.reflect.DirectConstructorHandleAccessor.newInstance(DirectConstructorHandleAccessor.java:62)
at java.base/java.lang.reflect.Constructor.newInstanceWithCaller(Constructor.java:502)
at java.base/java.lang.reflect.Constructor.newInstance(Constructor.java:486)
at org.openqa.selenium.remote.ErrorCodec.decode(ErrorCodec.java:167)
at org.openqa.selenium.remote.codec.w3c.W3CHttpResponseCodec.decode(W3CHttpResponseCodec.java:138)
at org.openqa.selenium.remote.codec.w3c.W3CHttpResponseCodec.decode(W3CHttpResponseCodec.java:50)
at org.openqa.selenium.remote.HttpCommandExecutor.execute(HttpCommandExecutor.java:190)
at org.openqa.selenium.remote.service.DriverCommandExecutor.invokeExecute(DriverCommandExecutor.java:216)
at org.openqa.selenium.remote.service.DriverCommandExecutor.execute(DriverCommandExecutor.java:174)
at org.openqa.selenium.remote.RemoteWebDriver.execute(RemoteWebDriver.java:519)
at org.openqa.selenium.remote.RemoteWebElement.execute(RemoteWebElement.java:223)
at org.openqa.selenium.remote.RemoteWebElement.sendKeys(RemoteWebElement.java:110)
at dsalgo.pageobjects.TreePage.sendCodeToEditor(TreePage.java:69)
at dsalgo.stepdefinitions.TreePageStepDefinitions.user_clicks_on_run_button_entering_code_and(TreePageStepDefinitions.java:105)
at ✽.User clicks on Run Button entering code "Input and Output" and 1(file:///C:/Users/12159/git/DSAlgoProject/src/test/resources/Features/5TreeDS.feature:15)
]]>
            </full-stacktrace>
          </exception> <!-- org.openqa.selenium.ElementNotInteractableException -->
          <reporter-output>
          </reporter-output>
        </test-method> <!-- runScenario -->
        <test-method signature="runScenario(io.cucumber.testng.PickleWrapper,io.cucumber.testng.FeatureWrapper)[pri:0, instance:runner.TestRunner@50dfbc58]" started-at="2024-03-21T00:58:24 EDT" name="runScenario" description="Runs Cucumber Scenarios" data-provider="scenarios" finished-at="2024-03-21T00:58:28 EDT" duration-ms="4893" status="PASS">
          <params>
            <param index="0">
              <value>
                <![CDATA["clicking on concepts under tree and giving code in try Editor"]]>
              </value>
            </param>
            <param index="1">
              <value>
                <![CDATA["Test Case Scenarios for Tree DS"]]>
              </value>
            </param>
          </params>
          <reporter-output>
          </reporter-output>
        </test-method> <!-- runScenario -->
        <test-method signature="runScenario(io.cucumber.testng.PickleWrapper,io.cucumber.testng.FeatureWrapper)[pri:0, instance:runner.TestRunner@50dfbc58]" started-at="2024-03-21T00:58:24 EDT" name="runScenario" description="Runs Cucumber Scenarios" data-provider="scenarios" finished-at="2024-03-21T00:58:39 EDT" duration-ms="15232" status="FAIL">
          <params>
            <param index="0">
              <value>
                <![CDATA["clicking on concepts under tree and giving code in try Editor"]]>
              </value>
            </param>
            <param index="1">
              <value>
                <![CDATA["Test Case Scenarios for Tree DS"]]>
              </value>
            </param>
          </params>
          <exception class="org.openqa.selenium.ElementNotInteractableException">
            <message>
              <![CDATA[element not interactable
  (Session info: chrome=122.0.6261.131)
Build info: version: '4.18.1', revision: 'b1d3319b48'
System info: os.name: 'Windows 11', os.arch: 'amd64', os.version: '10.0', java.version: '21.0.2'
Driver info: org.openqa.selenium.chrome.ChromeDriver
Command: [51bae67ca636f9824431edbe8661802f, sendKeysToElement {id=f.F520D2B68EBFE9007899E6DE05761950.d.ED0F820BBA9F6C7B48AC442B533594D2.e.34, value=[Ljava.lang.CharSequence;@45b3fc14}]
Capabilities {acceptInsecureCerts: false, browserName: chrome, browserVersion: 122.0.6261.131, chrome: {chromedriverVersion: 122.0.6261.128 (f18a44fedeb..., userDataDir: C:\Users\12159\AppData\Loca...}, fedcm:accounts: true, goog:chromeOptions: {debuggerAddress: localhost:59694}, networkConnectionEnabled: false, pageLoadStrategy: normal, platformName: windows, proxy: Proxy(), se:cdp: ws://localhost:59694/devtoo..., se:cdpVersion: 122.0.6261.131, setWindowRect: true, strictFileInteractability: false, timeouts: {implicit: 0, pageLoad: 300000, script: 30000}, unhandledPromptBehavior: dismiss and notify, webauthn:extension:credBlob: true, webauthn:extension:largeBlob: true, webauthn:extension:minPinLength: true, webauthn:extension:prf: true, webauthn:virtualAuthenticators: true}
Element: [[ChromeDriver: chrome on windows (51bae67ca636f9824431edbe8661802f)] -> xpath: //form[@id='answer_form']/div/div/div/textarea]
Session ID: 51bae67ca636f9824431edbe8661802f]]>
            </message>
            <full-stacktrace>
              <![CDATA[org.openqa.selenium.ElementNotInteractableException: element not interactable
  (Session info: chrome=122.0.6261.131)
Build info: version: '4.18.1', revision: 'b1d3319b48'
System info: os.name: 'Windows 11', os.arch: 'amd64', os.version: '10.0', java.version: '21.0.2'
Driver info: org.openqa.selenium.chrome.ChromeDriver
Command: [51bae67ca636f9824431edbe8661802f, sendKeysToElement {id=f.F520D2B68EBFE9007899E6DE05761950.d.ED0F820BBA9F6C7B48AC442B533594D2.e.34, value=[Ljava.lang.CharSequence;@45b3fc14}]
Capabilities {acceptInsecureCerts: false, browserName: chrome, browserVersion: 122.0.6261.131, chrome: {chromedriverVersion: 122.0.6261.128 (f18a44fedeb..., userDataDir: C:\Users\12159\AppData\Loca...}, fedcm:accounts: true, goog:chromeOptions: {debuggerAddress: localhost:59694}, networkConnectionEnabled: false, pageLoadStrategy: normal, platformName: windows, proxy: Proxy(), se:cdp: ws://localhost:59694/devtoo..., se:cdpVersion: 122.0.6261.131, setWindowRect: true, strictFileInteractability: false, timeouts: {implicit: 0, pageLoad: 300000, script: 30000}, unhandledPromptBehavior: dismiss and notify, webauthn:extension:credBlob: true, webauthn:extension:largeBlob: true, webauthn:extension:minPinLength: true, webauthn:extension:prf: true, webauthn:virtualAuthenticators: true}
Element: [[ChromeDriver: chrome on windows (51bae67ca636f9824431edbe8661802f)] -> xpath: //form[@id='answer_form']/div/div/div/textarea]
Session ID: 51bae67ca636f9824431edbe8661802f
at java.base/jdk.internal.reflect.DirectConstructorHandleAccessor.newInstance(DirectConstructorHandleAccessor.java:62)
at java.base/java.lang.reflect.Constructor.newInstanceWithCaller(Constructor.java:502)
at java.base/java.lang.reflect.Constructor.newInstance(Constructor.java:486)
at org.openqa.selenium.remote.ErrorCodec.decode(ErrorCodec.java:167)
at org.openqa.selenium.remote.codec.w3c.W3CHttpResponseCodec.decode(W3CHttpResponseCodec.java:138)
at org.openqa.selenium.remote.codec.w3c.W3CHttpResponseCodec.decode(W3CHttpResponseCodec.java:50)
at org.openqa.selenium.remote.HttpCommandExecutor.execute(HttpCommandExecutor.java:190)
at org.openqa.selenium.remote.service.DriverCommandExecutor.invokeExecute(DriverCommandExecutor.java:216)
at org.openqa.selenium.remote.service.DriverCommandExecutor.execute(DriverCommandExecutor.java:174)
at org.openqa.selenium.remote.RemoteWebDriver.execute(RemoteWebDriver.java:519)
at org.openqa.selenium.remote.RemoteWebElement.execute(RemoteWebElement.java:223)
at org.openqa.selenium.remote.RemoteWebElement.sendKeys(RemoteWebElement.java:110)
at dsalgo.pageobjects.TreePage.sendCodeToEditor(TreePage.java:69)
at dsalgo.stepdefinitions.TreePageStepDefinitions.user_clicks_on_run_button_entering_code_and(TreePageStepDefinitions.java:105)
at ✽.User clicks on Run Button entering code "Input and Output" and 0(file:///C:/Users/12159/git/DSAlgoProject/src/test/resources/Features/5TreeDS.feature:15)
]]>
            </full-stacktrace>
          </exception> <!-- org.openqa.selenium.ElementNotInteractableException -->
          <reporter-output>
          </reporter-output>
        </test-method> <!-- runScenario -->
        <test-method signature="runScenario(io.cucumber.testng.PickleWrapper,io.cucumber.testng.FeatureWrapper)[pri:0, instance:runner.TestRunner@50dfbc58]" started-at="2024-03-21T00:58:24 EDT" name="runScenario" description="Runs Cucumber Scenarios" data-provider="scenarios" finished-at="2024-03-21T00:58:39 EDT" duration-ms="15409" status="FAIL">
          <params>
            <param index="0">
              <value>
                <![CDATA["clicking on concepts under tree and giving code in try Editor"]]>
              </value>
            </param>
            <param index="1">
              <value>
                <![CDATA["Test Case Scenarios for Tree DS"]]>
              </value>
            </param>
          </params>
          <exception class="org.openqa.selenium.ElementNotInteractableException">
            <message>
              <![CDATA[element not interactable
  (Session info: chrome=122.0.6261.131)
Build info: version: '4.18.1', revision: 'b1d3319b48'
System info: os.name: 'Windows 11', os.arch: 'amd64', os.version: '10.0', java.version: '21.0.2'
Driver info: org.openqa.selenium.chrome.ChromeDriver
Command: [ceeb9a267d5ffb7d153e00d9538ffc18, sendKeysToElement {id=f.05839AF4F74E7AFCCCA300A64E629F02.d.44B92F3FA0B0246E175A8F69F0DB9BD6.e.32, value=[Ljava.lang.CharSequence;@50a89026}]
Capabilities {acceptInsecureCerts: false, browserName: chrome, browserVersion: 122.0.6261.131, chrome: {chromedriverVersion: 122.0.6261.128 (f18a44fedeb..., userDataDir: C:\Users\12159\AppData\Loca...}, fedcm:accounts: true, goog:chromeOptions: {debuggerAddress: localhost:59732}, networkConnectionEnabled: false, pageLoadStrategy: normal, platformName: windows, proxy: Proxy(), se:cdp: ws://localhost:59732/devtoo..., se:cdpVersion: 122.0.6261.131, setWindowRect: true, strictFileInteractability: false, timeouts: {implicit: 0, pageLoad: 300000, script: 30000}, unhandledPromptBehavior: dismiss and notify, webauthn:extension:credBlob: true, webauthn:extension:largeBlob: true, webauthn:extension:minPinLength: true, webauthn:extension:prf: true, webauthn:virtualAuthenticators: true}
Element: [[ChromeDriver: chrome on windows (ceeb9a267d5ffb7d153e00d9538ffc18)] -> xpath: //form[@id='answer_form']/div/div/div/textarea]
Session ID: ceeb9a267d5ffb7d153e00d9538ffc18]]>
            </message>
            <full-stacktrace>
              <![CDATA[org.openqa.selenium.ElementNotInteractableException: element not interactable
  (Session info: chrome=122.0.6261.131)
Build info: version: '4.18.1', revision: 'b1d3319b48'
System info: os.name: 'Windows 11', os.arch: 'amd64', os.version: '10.0', java.version: '21.0.2'
Driver info: org.openqa.selenium.chrome.ChromeDriver
Command: [ceeb9a267d5ffb7d153e00d9538ffc18, sendKeysToElement {id=f.05839AF4F74E7AFCCCA300A64E629F02.d.44B92F3FA0B0246E175A8F69F0DB9BD6.e.32, value=[Ljava.lang.CharSequence;@50a89026}]
Capabilities {acceptInsecureCerts: false, browserName: chrome, browserVersion: 122.0.6261.131, chrome: {chromedriverVersion: 122.0.6261.128 (f18a44fedeb..., userDataDir: C:\Users\12159\AppData\Loca...}, fedcm:accounts: true, goog:chromeOptions: {debuggerAddress: localhost:59732}, networkConnectionEnabled: false, pageLoadStrategy: normal, platformName: windows, proxy: Proxy(), se:cdp: ws://localhost:59732/devtoo..., se:cdpVersion: 122.0.6261.131, setWindowRect: true, strictFileInteractability: false, timeouts: {implicit: 0, pageLoad: 300000, script: 30000}, unhandledPromptBehavior: dismiss and notify, webauthn:extension:credBlob: true, webauthn:extension:largeBlob: true, webauthn:extension:minPinLength: true, webauthn:extension:prf: true, webauthn:virtualAuthenticators: true}
Element: [[ChromeDriver: chrome on windows (ceeb9a267d5ffb7d153e00d9538ffc18)] -> xpath: //form[@id='answer_form']/div/div/div/textarea]
Session ID: ceeb9a267d5ffb7d153e00d9538ffc18
at java.base/jdk.internal.reflect.DirectConstructorHandleAccessor.newInstance(DirectConstructorHandleAccessor.java:62)
at java.base/java.lang.reflect.Constructor.newInstanceWithCaller(Constructor.java:502)
at java.base/java.lang.reflect.Constructor.newInstance(Constructor.java:486)
at org.openqa.selenium.remote.ErrorCodec.decode(ErrorCodec.java:167)
at org.openqa.selenium.remote.codec.w3c.W3CHttpResponseCodec.decode(W3CHttpResponseCodec.java:138)
at org.openqa.selenium.remote.codec.w3c.W3CHttpResponseCodec.decode(W3CHttpResponseCodec.java:50)
at org.openqa.selenium.remote.HttpCommandExecutor.execute(HttpCommandExecutor.java:190)
at org.openqa.selenium.remote.service.DriverCommandExecutor.invokeExecute(DriverCommandExecutor.java:216)
at org.openqa.selenium.remote.service.DriverCommandExecutor.execute(DriverCommandExecutor.java:174)
at org.openqa.selenium.remote.RemoteWebDriver.execute(RemoteWebDriver.java:519)
at org.openqa.selenium.remote.RemoteWebElement.execute(RemoteWebElement.java:223)
at org.openqa.selenium.remote.RemoteWebElement.sendKeys(RemoteWebElement.java:110)
at dsalgo.pageobjects.TreePage.sendCodeToEditor(TreePage.java:69)
at dsalgo.stepdefinitions.TreePageStepDefinitions.user_clicks_on_run_button_entering_code_and(TreePageStepDefinitions.java:105)
at ✽.User clicks on Run Button entering code "Input and Output" and 1(file:///C:/Users/12159/git/DSAlgoProject/src/test/resources/Features/5TreeDS.feature:15)
]]>
            </full-stacktrace>
          </exception> <!-- org.openqa.selenium.ElementNotInteractableException -->
          <reporter-output>
          </reporter-output>
        </test-method> <!-- runScenario -->
        <test-method signature="runScenario(io.cucumber.testng.PickleWrapper,io.cucumber.testng.FeatureWrapper)[pri:0, instance:runner.TestRunner@50dfbc58]" started-at="2024-03-21T00:58:25 EDT" name="runScenario" description="Runs Cucumber Scenarios" data-provider="scenarios" finished-at="2024-03-21T00:58:40 EDT" duration-ms="15675" status="FAIL">
          <params>
            <param index="0">
              <value>
                <![CDATA["clicking on concepts under tree and giving code in try Editor"]]>
              </value>
            </param>
            <param index="1">
              <value>
                <![CDATA["Test Case Scenarios for Tree DS"]]>
              </value>
            </param>
          </params>
          <exception class="org.openqa.selenium.ElementNotInteractableException">
            <message>
              <![CDATA[element not interactable
  (Session info: chrome=122.0.6261.131)
Build info: version: '4.18.1', revision: 'b1d3319b48'
System info: os.name: 'Windows 11', os.arch: 'amd64', os.version: '10.0', java.version: '21.0.2'
Driver info: org.openqa.selenium.chrome.ChromeDriver
Command: [d7a9a4bcfda56c6c607113e95d8fd842, sendKeysToElement {id=f.3E1B99FDA683B87FC024D74850B9358E.d.EC640B4ABD2F6048E142F1EC45831E0E.e.45, value=[Ljava.lang.CharSequence;@7b6b41e4}]
Capabilities {acceptInsecureCerts: false, browserName: chrome, browserVersion: 122.0.6261.131, chrome: {chromedriverVersion: 122.0.6261.128 (f18a44fedeb..., userDataDir: C:\Users\12159\AppData\Loca...}, fedcm:accounts: true, goog:chromeOptions: {debuggerAddress: localhost:59756}, networkConnectionEnabled: false, pageLoadStrategy: normal, platformName: windows, proxy: Proxy(), se:cdp: ws://localhost:59756/devtoo..., se:cdpVersion: 122.0.6261.131, setWindowRect: true, strictFileInteractability: false, timeouts: {implicit: 0, pageLoad: 300000, script: 30000}, unhandledPromptBehavior: dismiss and notify, webauthn:extension:credBlob: true, webauthn:extension:largeBlob: true, webauthn:extension:minPinLength: true, webauthn:extension:prf: true, webauthn:virtualAuthenticators: true}
Element: [[ChromeDriver: chrome on windows (d7a9a4bcfda56c6c607113e95d8fd842)] -> xpath: //form[@id='answer_form']/div/div/div/textarea]
Session ID: d7a9a4bcfda56c6c607113e95d8fd842]]>
            </message>
            <full-stacktrace>
              <![CDATA[org.openqa.selenium.ElementNotInteractableException: element not interactable
  (Session info: chrome=122.0.6261.131)
Build info: version: '4.18.1', revision: 'b1d3319b48'
System info: os.name: 'Windows 11', os.arch: 'amd64', os.version: '10.0', java.version: '21.0.2'
Driver info: org.openqa.selenium.chrome.ChromeDriver
Command: [d7a9a4bcfda56c6c607113e95d8fd842, sendKeysToElement {id=f.3E1B99FDA683B87FC024D74850B9358E.d.EC640B4ABD2F6048E142F1EC45831E0E.e.45, value=[Ljava.lang.CharSequence;@7b6b41e4}]
Capabilities {acceptInsecureCerts: false, browserName: chrome, browserVersion: 122.0.6261.131, chrome: {chromedriverVersion: 122.0.6261.128 (f18a44fedeb..., userDataDir: C:\Users\12159\AppData\Loca...}, fedcm:accounts: true, goog:chromeOptions: {debuggerAddress: localhost:59756}, networkConnectionEnabled: false, pageLoadStrategy: normal, platformName: windows, proxy: Proxy(), se:cdp: ws://localhost:59756/devtoo..., se:cdpVersion: 122.0.6261.131, setWindowRect: true, strictFileInteractability: false, timeouts: {implicit: 0, pageLoad: 300000, script: 30000}, unhandledPromptBehavior: dismiss and notify, webauthn:extension:credBlob: true, webauthn:extension:largeBlob: true, webauthn:extension:minPinLength: true, webauthn:extension:prf: true, webauthn:virtualAuthenticators: true}
Element: [[ChromeDriver: chrome on windows (d7a9a4bcfda56c6c607113e95d8fd842)] -> xpath: //form[@id='answer_form']/div/div/div/textarea]
Session ID: d7a9a4bcfda56c6c607113e95d8fd842
at java.base/jdk.internal.reflect.DirectConstructorHandleAccessor.newInstance(DirectConstructorHandleAccessor.java:62)
at java.base/java.lang.reflect.Constructor.newInstanceWithCaller(Constructor.java:502)
at java.base/java.lang.reflect.Constructor.newInstance(Constructor.java:486)
at org.openqa.selenium.remote.ErrorCodec.decode(ErrorCodec.java:167)
at org.openqa.selenium.remote.codec.w3c.W3CHttpResponseCodec.decode(W3CHttpResponseCodec.java:138)
at org.openqa.selenium.remote.codec.w3c.W3CHttpResponseCodec.decode(W3CHttpResponseCodec.java:50)
at org.openqa.selenium.remote.HttpCommandExecutor.execute(HttpCommandExecutor.java:190)
at org.openqa.selenium.remote.service.DriverCommandExecutor.invokeExecute(DriverCommandExecutor.java:216)
at org.openqa.selenium.remote.service.DriverCommandExecutor.execute(DriverCommandExecutor.java:174)
at org.openqa.selenium.remote.RemoteWebDriver.execute(RemoteWebDriver.java:519)
at org.openqa.selenium.remote.RemoteWebElement.execute(RemoteWebElement.java:223)
at org.openqa.selenium.remote.RemoteWebElement.sendKeys(RemoteWebElement.java:110)
at dsalgo.pageobjects.TreePage.sendCodeToEditor(TreePage.java:69)
at dsalgo.stepdefinitions.TreePageStepDefinitions.user_clicks_on_run_button_entering_code_and(TreePageStepDefinitions.java:105)
at ✽.User clicks on Run Button entering code "Input and Output" and 2(file:///C:/Users/12159/git/DSAlgoProject/src/test/resources/Features/5TreeDS.feature:15)
]]>
            </full-stacktrace>
          </exception> <!-- org.openqa.selenium.ElementNotInteractableException -->
          <reporter-output>
          </reporter-output>
        </test-method> <!-- runScenario -->
        <test-method signature="runScenario(io.cucumber.testng.PickleWrapper,io.cucumber.testng.FeatureWrapper)[pri:0, instance:runner.TestRunner@50dfbc58]" started-at="2024-03-21T00:58:28 EDT" name="runScenario" description="Runs Cucumber Scenarios" data-provider="scenarios" finished-at="2024-03-21T00:58:34 EDT" duration-ms="5133" status="PASS">
          <params>
            <param index="0">
              <value>
                <![CDATA["clicking on concepts under tree and giving code in try Editor"]]>
              </value>
            </param>
            <param index="1">
              <value>
                <![CDATA["Test Case Scenarios for Tree DS"]]>
              </value>
            </param>
          </params>
          <reporter-output>
          </reporter-output>
        </test-method> <!-- runScenario -->
        <test-method signature="runScenario(io.cucumber.testng.PickleWrapper,io.cucumber.testng.FeatureWrapper)[pri:0, instance:runner.TestRunner@50dfbc58]" started-at="2024-03-21T00:58:29 EDT" name="runScenario" description="Runs Cucumber Scenarios" data-provider="scenarios" finished-at="2024-03-21T00:58:44 EDT" duration-ms="15221" status="FAIL">
          <params>
            <param index="0">
              <value>
                <![CDATA["clicking on concepts under tree and giving code in try Editor"]]>
              </value>
            </param>
            <param index="1">
              <value>
                <![CDATA["Test Case Scenarios for Tree DS"]]>
              </value>
            </param>
          </params>
          <exception class="org.openqa.selenium.ElementNotInteractableException">
            <message>
              <![CDATA[element not interactable
  (Session info: chrome=122.0.6261.131)
Build info: version: '4.18.1', revision: 'b1d3319b48'
System info: os.name: 'Windows 11', os.arch: 'amd64', os.version: '10.0', java.version: '21.0.2'
Driver info: org.openqa.selenium.chrome.ChromeDriver
Command: [bea4874d8d49279176331ac37ef6926c, sendKeysToElement {id=f.80DF22A7F76F9E8BDDFFE57B633A93F6.d.11BD27220BF10D84C3675BA44146D5FC.e.33, value=[Ljava.lang.CharSequence;@6a3cc448}]
Capabilities {acceptInsecureCerts: false, browserName: chrome, browserVersion: 122.0.6261.131, chrome: {chromedriverVersion: 122.0.6261.128 (f18a44fedeb..., userDataDir: C:\Users\12159\AppData\Loca...}, fedcm:accounts: true, goog:chromeOptions: {debuggerAddress: localhost:59872}, networkConnectionEnabled: false, pageLoadStrategy: normal, platformName: windows, proxy: Proxy(), se:cdp: ws://localhost:59872/devtoo..., se:cdpVersion: 122.0.6261.131, setWindowRect: true, strictFileInteractability: false, timeouts: {implicit: 0, pageLoad: 300000, script: 30000}, unhandledPromptBehavior: dismiss and notify, webauthn:extension:credBlob: true, webauthn:extension:largeBlob: true, webauthn:extension:minPinLength: true, webauthn:extension:prf: true, webauthn:virtualAuthenticators: true}
Element: [[ChromeDriver: chrome on windows (bea4874d8d49279176331ac37ef6926c)] -> xpath: //form[@id='answer_form']/div/div/div/textarea]
Session ID: bea4874d8d49279176331ac37ef6926c]]>
            </message>
            <full-stacktrace>
              <![CDATA[org.openqa.selenium.ElementNotInteractableException: element not interactable
  (Session info: chrome=122.0.6261.131)
Build info: version: '4.18.1', revision: 'b1d3319b48'
System info: os.name: 'Windows 11', os.arch: 'amd64', os.version: '10.0', java.version: '21.0.2'
Driver info: org.openqa.selenium.chrome.ChromeDriver
Command: [bea4874d8d49279176331ac37ef6926c, sendKeysToElement {id=f.80DF22A7F76F9E8BDDFFE57B633A93F6.d.11BD27220BF10D84C3675BA44146D5FC.e.33, value=[Ljava.lang.CharSequence;@6a3cc448}]
Capabilities {acceptInsecureCerts: false, browserName: chrome, browserVersion: 122.0.6261.131, chrome: {chromedriverVersion: 122.0.6261.128 (f18a44fedeb..., userDataDir: C:\Users\12159\AppData\Loca...}, fedcm:accounts: true, goog:chromeOptions: {debuggerAddress: localhost:59872}, networkConnectionEnabled: false, pageLoadStrategy: normal, platformName: windows, proxy: Proxy(), se:cdp: ws://localhost:59872/devtoo..., se:cdpVersion: 122.0.6261.131, setWindowRect: true, strictFileInteractability: false, timeouts: {implicit: 0, pageLoad: 300000, script: 30000}, unhandledPromptBehavior: dismiss and notify, webauthn:extension:credBlob: true, webauthn:extension:largeBlob: true, webauthn:extension:minPinLength: true, webauthn:extension:prf: true, webauthn:virtualAuthenticators: true}
Element: [[ChromeDriver: chrome on windows (bea4874d8d49279176331ac37ef6926c)] -> xpath: //form[@id='answer_form']/div/div/div/textarea]
Session ID: bea4874d8d49279176331ac37ef6926c
at java.base/jdk.internal.reflect.DirectConstructorHandleAccessor.newInstance(DirectConstructorHandleAccessor.java:62)
at java.base/java.lang.reflect.Constructor.newInstanceWithCaller(Constructor.java:502)
at java.base/java.lang.reflect.Constructor.newInstance(Constructor.java:486)
at org.openqa.selenium.remote.ErrorCodec.decode(ErrorCodec.java:167)
at org.openqa.selenium.remote.codec.w3c.W3CHttpResponseCodec.decode(W3CHttpResponseCodec.java:138)
at org.openqa.selenium.remote.codec.w3c.W3CHttpResponseCodec.decode(W3CHttpResponseCodec.java:50)
at org.openqa.selenium.remote.HttpCommandExecutor.execute(HttpCommandExecutor.java:190)
at org.openqa.selenium.remote.service.DriverCommandExecutor.invokeExecute(DriverCommandExecutor.java:216)
at org.openqa.selenium.remote.service.DriverCommandExecutor.execute(DriverCommandExecutor.java:174)
at org.openqa.selenium.remote.RemoteWebDriver.execute(RemoteWebDriver.java:519)
at org.openqa.selenium.remote.RemoteWebElement.execute(RemoteWebElement.java:223)
at org.openqa.selenium.remote.RemoteWebElement.sendKeys(RemoteWebElement.java:110)
at dsalgo.pageobjects.TreePage.sendCodeToEditor(TreePage.java:69)
at dsalgo.stepdefinitions.TreePageStepDefinitions.user_clicks_on_run_button_entering_code_and(TreePageStepDefinitions.java:105)
at ✽.User clicks on Run Button entering code "Input and Output" and 1(file:///C:/Users/12159/git/DSAlgoProject/src/test/resources/Features/5TreeDS.feature:15)
]]>
            </full-stacktrace>
          </exception> <!-- org.openqa.selenium.ElementNotInteractableException -->
          <reporter-output>
          </reporter-output>
        </test-method> <!-- runScenario -->
        <test-method signature="runScenario(io.cucumber.testng.PickleWrapper,io.cucumber.testng.FeatureWrapper)[pri:0, instance:runner.TestRunner@50dfbc58]" started-at="2024-03-21T00:58:29 EDT" name="runScenario" description="Runs Cucumber Scenarios" data-provider="scenarios" finished-at="2024-03-21T00:58:34 EDT" duration-ms="5147" status="PASS">
          <params>
            <param index="0">
              <value>
                <![CDATA["clicking on concepts under tree and giving code in try Editor"]]>
              </value>
            </param>
            <param index="1">
              <value>
                <![CDATA["Test Case Scenarios for Tree DS"]]>
              </value>
            </param>
          </params>
          <reporter-output>
          </reporter-output>
        </test-method> <!-- runScenario -->
        <test-method signature="runScenario(io.cucumber.testng.PickleWrapper,io.cucumber.testng.FeatureWrapper)[pri:0, instance:runner.TestRunner@50dfbc58]" started-at="2024-03-21T00:58:30 EDT" name="runScenario" description="Runs Cucumber Scenarios" data-provider="scenarios" finished-at="2024-03-21T00:58:44 EDT" duration-ms="14922" status="FAIL">
          <params>
            <param index="0">
              <value>
                <![CDATA["Clicking on concepts under Graph and giving code in try Editor"]]>
              </value>
            </param>
            <param index="1">
              <value>
                <![CDATA["Test Case Scenarios for Graph DS"]]>
              </value>
            </param>
          </params>
          <exception class="org.openqa.selenium.ElementNotInteractableException">
            <message>
              <![CDATA[element not interactable
  (Session info: chrome=122.0.6261.131)
Build info: version: '4.18.1', revision: 'b1d3319b48'
System info: os.name: 'Windows 11', os.arch: 'amd64', os.version: '10.0', java.version: '21.0.2'
Driver info: org.openqa.selenium.chrome.ChromeDriver
Command: [b3789e2b0e49bf84673489e7121b1c81, sendKeysToElement {id=f.F0D86B1411823845E4033BEEEEE6BAD9.d.EDD90D17B4EFAFB724B796060AB7356F.e.43, value=[Ljava.lang.CharSequence;@40e072c6}]
Capabilities {acceptInsecureCerts: false, browserName: chrome, browserVersion: 122.0.6261.131, chrome: {chromedriverVersion: 122.0.6261.128 (f18a44fedeb..., userDataDir: C:\Users\12159\AppData\Loca...}, fedcm:accounts: true, goog:chromeOptions: {debuggerAddress: localhost:59942}, networkConnectionEnabled: false, pageLoadStrategy: normal, platformName: windows, proxy: Proxy(), se:cdp: ws://localhost:59942/devtoo..., se:cdpVersion: 122.0.6261.131, setWindowRect: true, strictFileInteractability: false, timeouts: {implicit: 0, pageLoad: 300000, script: 30000}, unhandledPromptBehavior: dismiss and notify, webauthn:extension:credBlob: true, webauthn:extension:largeBlob: true, webauthn:extension:minPinLength: true, webauthn:extension:prf: true, webauthn:virtualAuthenticators: true}
Element: [[ChromeDriver: chrome on windows (b3789e2b0e49bf84673489e7121b1c81)] -> xpath: //form[@id='answer_form']/div/div/div/textarea]
Session ID: b3789e2b0e49bf84673489e7121b1c81]]>
            </message>
            <full-stacktrace>
              <![CDATA[org.openqa.selenium.ElementNotInteractableException: element not interactable
  (Session info: chrome=122.0.6261.131)
Build info: version: '4.18.1', revision: 'b1d3319b48'
System info: os.name: 'Windows 11', os.arch: 'amd64', os.version: '10.0', java.version: '21.0.2'
Driver info: org.openqa.selenium.chrome.ChromeDriver
Command: [b3789e2b0e49bf84673489e7121b1c81, sendKeysToElement {id=f.F0D86B1411823845E4033BEEEEE6BAD9.d.EDD90D17B4EFAFB724B796060AB7356F.e.43, value=[Ljava.lang.CharSequence;@40e072c6}]
Capabilities {acceptInsecureCerts: false, browserName: chrome, browserVersion: 122.0.6261.131, chrome: {chromedriverVersion: 122.0.6261.128 (f18a44fedeb..., userDataDir: C:\Users\12159\AppData\Loca...}, fedcm:accounts: true, goog:chromeOptions: {debuggerAddress: localhost:59942}, networkConnectionEnabled: false, pageLoadStrategy: normal, platformName: windows, proxy: Proxy(), se:cdp: ws://localhost:59942/devtoo..., se:cdpVersion: 122.0.6261.131, setWindowRect: true, strictFileInteractability: false, timeouts: {implicit: 0, pageLoad: 300000, script: 30000}, unhandledPromptBehavior: dismiss and notify, webauthn:extension:credBlob: true, webauthn:extension:largeBlob: true, webauthn:extension:minPinLength: true, webauthn:extension:prf: true, webauthn:virtualAuthenticators: true}
Element: [[ChromeDriver: chrome on windows (b3789e2b0e49bf84673489e7121b1c81)] -> xpath: //form[@id='answer_form']/div/div/div/textarea]
Session ID: b3789e2b0e49bf84673489e7121b1c81
at java.base/jdk.internal.reflect.DirectConstructorHandleAccessor.newInstance(DirectConstructorHandleAccessor.java:62)
at java.base/java.lang.reflect.Constructor.newInstanceWithCaller(Constructor.java:502)
at java.base/java.lang.reflect.Constructor.newInstance(Constructor.java:486)
at org.openqa.selenium.remote.ErrorCodec.decode(ErrorCodec.java:167)
at org.openqa.selenium.remote.codec.w3c.W3CHttpResponseCodec.decode(W3CHttpResponseCodec.java:138)
at org.openqa.selenium.remote.codec.w3c.W3CHttpResponseCodec.decode(W3CHttpResponseCodec.java:50)
at org.openqa.selenium.remote.HttpCommandExecutor.execute(HttpCommandExecutor.java:190)
at org.openqa.selenium.remote.service.DriverCommandExecutor.invokeExecute(DriverCommandExecutor.java:216)
at org.openqa.selenium.remote.service.DriverCommandExecutor.execute(DriverCommandExecutor.java:174)
at org.openqa.selenium.remote.RemoteWebDriver.execute(RemoteWebDriver.java:519)
at org.openqa.selenium.remote.RemoteWebElement.execute(RemoteWebElement.java:223)
at org.openqa.selenium.remote.RemoteWebElement.sendKeys(RemoteWebElement.java:110)
at dsalgo.pageobjects.TreePage.sendCodeToEditor(TreePage.java:69)
at dsalgo.stepdefinitions.GraphPageStepDefinitions.user_clicks_on_run_button_for_graph_entering_code_and(GraphPageStepDefinitions.java:95)
at ✽.User clicks on Run Button for graph entering code "Input and Output" and 0(file:///C:/Users/12159/git/DSAlgoProject/src/test/resources/Features/6Graph.feature:14)
]]>
            </full-stacktrace>
          </exception> <!-- org.openqa.selenium.ElementNotInteractableException -->
          <reporter-output>
          </reporter-output>
        </test-method> <!-- runScenario -->
        <test-method signature="runScenario(io.cucumber.testng.PickleWrapper,io.cucumber.testng.FeatureWrapper)[pri:0, instance:runner.TestRunner@50dfbc58]" started-at="2024-03-21T00:58:30 EDT" name="runScenario" description="Runs Cucumber Scenarios" data-provider="scenarios" finished-at="2024-03-21T00:58:35 EDT" duration-ms="4876" status="PASS">
          <params>
            <param index="0">
              <value>
                <![CDATA["Clicking on concepts under Graph and giving code in try Editor"]]>
              </value>
            </param>
            <param index="1">
              <value>
                <![CDATA["Test Case Scenarios for Graph DS"]]>
              </value>
            </param>
          </params>
          <reporter-output>
          </reporter-output>
        </test-method> <!-- runScenario -->
        <test-method signature="runScenario(io.cucumber.testng.PickleWrapper,io.cucumber.testng.FeatureWrapper)[pri:0, instance:runner.TestRunner@50dfbc58]" started-at="2024-03-21T00:58:31 EDT" name="runScenario" description="Runs Cucumber Scenarios" data-provider="scenarios" finished-at="2024-03-21T00:58:45 EDT" duration-ms="14404" status="FAIL">
          <params>
            <param index="0">
              <value>
                <![CDATA["Clicking on concepts under Graph and giving code in try Editor"]]>
              </value>
            </param>
            <param index="1">
              <value>
                <![CDATA["Test Case Scenarios for Graph DS"]]>
              </value>
            </param>
          </params>
          <exception class="org.openqa.selenium.ElementNotInteractableException">
            <message>
              <![CDATA[element not interactable
  (Session info: chrome=122.0.6261.131)
Build info: version: '4.18.1', revision: 'b1d3319b48'
System info: os.name: 'Windows 11', os.arch: 'amd64', os.version: '10.0', java.version: '21.0.2'
Driver info: org.openqa.selenium.chrome.ChromeDriver
Command: [bcb9f9090877087e8a53eb683582e5dc, sendKeysToElement {id=f.9E3C8BEB81821DAF3D67340062D1D621.d.5FD4F22CBEBB9C40449E1B97C8D42508.e.32, value=[Ljava.lang.CharSequence;@7c27c6a7}]
Capabilities {acceptInsecureCerts: false, browserName: chrome, browserVersion: 122.0.6261.131, chrome: {chromedriverVersion: 122.0.6261.128 (f18a44fedeb..., userDataDir: C:\Users\12159\AppData\Loca...}, fedcm:accounts: true, goog:chromeOptions: {debuggerAddress: localhost:59977}, networkConnectionEnabled: false, pageLoadStrategy: normal, platformName: windows, proxy: Proxy(), se:cdp: ws://localhost:59977/devtoo..., se:cdpVersion: 122.0.6261.131, setWindowRect: true, strictFileInteractability: false, timeouts: {implicit: 0, pageLoad: 300000, script: 30000}, unhandledPromptBehavior: dismiss and notify, webauthn:extension:credBlob: true, webauthn:extension:largeBlob: true, webauthn:extension:minPinLength: true, webauthn:extension:prf: true, webauthn:virtualAuthenticators: true}
Element: [[ChromeDriver: chrome on windows (bcb9f9090877087e8a53eb683582e5dc)] -> xpath: //form[@id='answer_form']/div/div/div/textarea]
Session ID: bcb9f9090877087e8a53eb683582e5dc]]>
            </message>
            <full-stacktrace>
              <![CDATA[org.openqa.selenium.ElementNotInteractableException: element not interactable
  (Session info: chrome=122.0.6261.131)
Build info: version: '4.18.1', revision: 'b1d3319b48'
System info: os.name: 'Windows 11', os.arch: 'amd64', os.version: '10.0', java.version: '21.0.2'
Driver info: org.openqa.selenium.chrome.ChromeDriver
Command: [bcb9f9090877087e8a53eb683582e5dc, sendKeysToElement {id=f.9E3C8BEB81821DAF3D67340062D1D621.d.5FD4F22CBEBB9C40449E1B97C8D42508.e.32, value=[Ljava.lang.CharSequence;@7c27c6a7}]
Capabilities {acceptInsecureCerts: false, browserName: chrome, browserVersion: 122.0.6261.131, chrome: {chromedriverVersion: 122.0.6261.128 (f18a44fedeb..., userDataDir: C:\Users\12159\AppData\Loca...}, fedcm:accounts: true, goog:chromeOptions: {debuggerAddress: localhost:59977}, networkConnectionEnabled: false, pageLoadStrategy: normal, platformName: windows, proxy: Proxy(), se:cdp: ws://localhost:59977/devtoo..., se:cdpVersion: 122.0.6261.131, setWindowRect: true, strictFileInteractability: false, timeouts: {implicit: 0, pageLoad: 300000, script: 30000}, unhandledPromptBehavior: dismiss and notify, webauthn:extension:credBlob: true, webauthn:extension:largeBlob: true, webauthn:extension:minPinLength: true, webauthn:extension:prf: true, webauthn:virtualAuthenticators: true}
Element: [[ChromeDriver: chrome on windows (bcb9f9090877087e8a53eb683582e5dc)] -> xpath: //form[@id='answer_form']/div/div/div/textarea]
Session ID: bcb9f9090877087e8a53eb683582e5dc
at java.base/jdk.internal.reflect.DirectConstructorHandleAccessor.newInstance(DirectConstructorHandleAccessor.java:62)
at java.base/java.lang.reflect.Constructor.newInstanceWithCaller(Constructor.java:502)
at java.base/java.lang.reflect.Constructor.newInstance(Constructor.java:486)
at org.openqa.selenium.remote.ErrorCodec.decode(ErrorCodec.java:167)
at org.openqa.selenium.remote.codec.w3c.W3CHttpResponseCodec.decode(W3CHttpResponseCodec.java:138)
at org.openqa.selenium.remote.codec.w3c.W3CHttpResponseCodec.decode(W3CHttpResponseCodec.java:50)
at org.openqa.selenium.remote.HttpCommandExecutor.execute(HttpCommandExecutor.java:190)
at org.openqa.selenium.remote.service.DriverCommandExecutor.invokeExecute(DriverCommandExecutor.java:216)
at org.openqa.selenium.remote.service.DriverCommandExecutor.execute(DriverCommandExecutor.java:174)
at org.openqa.selenium.remote.RemoteWebDriver.execute(RemoteWebDriver.java:519)
at org.openqa.selenium.remote.RemoteWebElement.execute(RemoteWebElement.java:223)
at org.openqa.selenium.remote.RemoteWebElement.sendKeys(RemoteWebElement.java:110)
at dsalgo.pageobjects.TreePage.sendCodeToEditor(TreePage.java:69)
at dsalgo.stepdefinitions.GraphPageStepDefinitions.user_clicks_on_run_button_for_graph_entering_code_and(GraphPageStepDefinitions.java:95)
at ✽.User clicks on Run Button for graph entering code "Input and Output" and 2(file:///C:/Users/12159/git/DSAlgoProject/src/test/resources/Features/6Graph.feature:14)
]]>
            </full-stacktrace>
          </exception> <!-- org.openqa.selenium.ElementNotInteractableException -->
          <reporter-output>
          </reporter-output>
        </test-method> <!-- runScenario -->
        <test-method signature="runScenario(io.cucumber.testng.PickleWrapper,io.cucumber.testng.FeatureWrapper)[pri:0, instance:runner.TestRunner@50dfbc58]" started-at="2024-03-21T00:58:34 EDT" name="runScenario" description="Runs Cucumber Scenarios" data-provider="scenarios" finished-at="2024-03-21T00:58:38 EDT" duration-ms="4008" status="PASS">
          <params>
            <param index="0">
              <value>
                <![CDATA["Clicking on concepts under Graph and giving code in try Editor"]]>
              </value>
            </param>
            <param index="1">
              <value>
                <![CDATA["Test Case Scenarios for Graph DS"]]>
              </value>
            </param>
          </params>
          <reporter-output>
          </reporter-output>
        </test-method> <!-- runScenario -->
        <test-method signature="runScenario(io.cucumber.testng.PickleWrapper,io.cucumber.testng.FeatureWrapper)[pri:0, instance:runner.TestRunner@50dfbc58]" started-at="2024-03-21T00:58:34 EDT" name="runScenario" description="Runs Cucumber Scenarios" data-provider="scenarios" finished-at="2024-03-21T00:58:48 EDT" duration-ms="14166" status="FAIL">
          <params>
            <param index="0">
              <value>
                <![CDATA["Clicking on concepts under Graph and giving code in try Editor"]]>
              </value>
            </param>
            <param index="1">
              <value>
                <![CDATA["Test Case Scenarios for Graph DS"]]>
              </value>
            </param>
          </params>
          <exception class="org.openqa.selenium.ElementNotInteractableException">
            <message>
              <![CDATA[element not interactable
  (Session info: chrome=122.0.6261.131)
Build info: version: '4.18.1', revision: 'b1d3319b48'
System info: os.name: 'Windows 11', os.arch: 'amd64', os.version: '10.0', java.version: '21.0.2'
Driver info: org.openqa.selenium.chrome.ChromeDriver
Command: [cdaf66e7b5d636f7740ddc3e6118bad1, sendKeysToElement {id=f.856FEF5601A5CB5FA02E527D79D3860C.d.EB4992E074E1D0AA48AA15055680A45B.e.48, value=[Ljava.lang.CharSequence;@57482a7b}]
Capabilities {acceptInsecureCerts: false, browserName: chrome, browserVersion: 122.0.6261.131, chrome: {chromedriverVersion: 122.0.6261.128 (f18a44fedeb..., userDataDir: C:\Users\12159\AppData\Loca...}, fedcm:accounts: true, goog:chromeOptions: {debuggerAddress: localhost:60067}, networkConnectionEnabled: false, pageLoadStrategy: normal, platformName: windows, proxy: Proxy(), se:cdp: ws://localhost:60067/devtoo..., se:cdpVersion: 122.0.6261.131, setWindowRect: true, strictFileInteractability: false, timeouts: {implicit: 0, pageLoad: 300000, script: 30000}, unhandledPromptBehavior: dismiss and notify, webauthn:extension:credBlob: true, webauthn:extension:largeBlob: true, webauthn:extension:minPinLength: true, webauthn:extension:prf: true, webauthn:virtualAuthenticators: true}
Element: [[ChromeDriver: chrome on windows (cdaf66e7b5d636f7740ddc3e6118bad1)] -> xpath: //form[@id='answer_form']/div/div/div/textarea]
Session ID: cdaf66e7b5d636f7740ddc3e6118bad1]]>
            </message>
            <full-stacktrace>
              <![CDATA[org.openqa.selenium.ElementNotInteractableException: element not interactable
  (Session info: chrome=122.0.6261.131)
Build info: version: '4.18.1', revision: 'b1d3319b48'
System info: os.name: 'Windows 11', os.arch: 'amd64', os.version: '10.0', java.version: '21.0.2'
Driver info: org.openqa.selenium.chrome.ChromeDriver
Command: [cdaf66e7b5d636f7740ddc3e6118bad1, sendKeysToElement {id=f.856FEF5601A5CB5FA02E527D79D3860C.d.EB4992E074E1D0AA48AA15055680A45B.e.48, value=[Ljava.lang.CharSequence;@57482a7b}]
Capabilities {acceptInsecureCerts: false, browserName: chrome, browserVersion: 122.0.6261.131, chrome: {chromedriverVersion: 122.0.6261.128 (f18a44fedeb..., userDataDir: C:\Users\12159\AppData\Loca...}, fedcm:accounts: true, goog:chromeOptions: {debuggerAddress: localhost:60067}, networkConnectionEnabled: false, pageLoadStrategy: normal, platformName: windows, proxy: Proxy(), se:cdp: ws://localhost:60067/devtoo..., se:cdpVersion: 122.0.6261.131, setWindowRect: true, strictFileInteractability: false, timeouts: {implicit: 0, pageLoad: 300000, script: 30000}, unhandledPromptBehavior: dismiss and notify, webauthn:extension:credBlob: true, webauthn:extension:largeBlob: true, webauthn:extension:minPinLength: true, webauthn:extension:prf: true, webauthn:virtualAuthenticators: true}
Element: [[ChromeDriver: chrome on windows (cdaf66e7b5d636f7740ddc3e6118bad1)] -> xpath: //form[@id='answer_form']/div/div/div/textarea]
Session ID: cdaf66e7b5d636f7740ddc3e6118bad1
at java.base/jdk.internal.reflect.DirectConstructorHandleAccessor.newInstance(DirectConstructorHandleAccessor.java:62)
at java.base/java.lang.reflect.Constructor.newInstanceWithCaller(Constructor.java:502)
at java.base/java.lang.reflect.Constructor.newInstance(Constructor.java:486)
at org.openqa.selenium.remote.ErrorCodec.decode(ErrorCodec.java:167)
at org.openqa.selenium.remote.codec.w3c.W3CHttpResponseCodec.decode(W3CHttpResponseCodec.java:138)
at org.openqa.selenium.remote.codec.w3c.W3CHttpResponseCodec.decode(W3CHttpResponseCodec.java:50)
at org.openqa.selenium.remote.HttpCommandExecutor.execute(HttpCommandExecutor.java:190)
at org.openqa.selenium.remote.service.DriverCommandExecutor.invokeExecute(DriverCommandExecutor.java:216)
at org.openqa.selenium.remote.service.DriverCommandExecutor.execute(DriverCommandExecutor.java:174)
at org.openqa.selenium.remote.RemoteWebDriver.execute(RemoteWebDriver.java:519)
at org.openqa.selenium.remote.RemoteWebElement.execute(RemoteWebElement.java:223)
at org.openqa.selenium.remote.RemoteWebElement.sendKeys(RemoteWebElement.java:110)
at dsalgo.pageobjects.TreePage.sendCodeToEditor(TreePage.java:69)
at dsalgo.stepdefinitions.GraphPageStepDefinitions.user_clicks_on_run_button_for_graph_entering_code_and(GraphPageStepDefinitions.java:95)
at ✽.User clicks on Run Button for graph entering code "Input and Output" and 1(file:///C:/Users/12159/git/DSAlgoProject/src/test/resources/Features/6Graph.feature:14)
]]>
            </full-stacktrace>
          </exception> <!-- org.openqa.selenium.ElementNotInteractableException -->
          <reporter-output>
          </reporter-output>
        </test-method> <!-- runScenario -->
        <test-method signature="runScenario(io.cucumber.testng.PickleWrapper,io.cucumber.testng.FeatureWrapper)[pri:0, instance:runner.TestRunner@50dfbc58]" started-at="2024-03-21T00:58:35 EDT" name="runScenario" description="Runs Cucumber Scenarios" data-provider="scenarios" finished-at="2024-03-21T00:58:49 EDT" duration-ms="14194" status="FAIL">
          <params>
            <param index="0">
              <value>
                <![CDATA["Clicking on concepts under Graph and giving code in try Editor"]]>
              </value>
            </param>
            <param index="1">
              <value>
                <![CDATA["Test Case Scenarios for Graph DS"]]>
              </value>
            </param>
          </params>
          <exception class="org.openqa.selenium.ElementNotInteractableException">
            <message>
              <![CDATA[element not interactable
  (Session info: chrome=122.0.6261.131)
Build info: version: '4.18.1', revision: 'b1d3319b48'
System info: os.name: 'Windows 11', os.arch: 'amd64', os.version: '10.0', java.version: '21.0.2'
Driver info: org.openqa.selenium.chrome.ChromeDriver
Command: [e4e7b8fb3388b376c861179c56864d50, sendKeysToElement {id=f.1F022B1E7461650816311C0A010933FF.d.B469D015FC1C93CE52B06DBDAC878883.e.50, value=[Ljava.lang.CharSequence;@7f4ed738}]
Capabilities {acceptInsecureCerts: false, browserName: chrome, browserVersion: 122.0.6261.131, chrome: {chromedriverVersion: 122.0.6261.128 (f18a44fedeb..., userDataDir: C:\Users\12159\AppData\Loca...}, fedcm:accounts: true, goog:chromeOptions: {debuggerAddress: localhost:60097}, networkConnectionEnabled: false, pageLoadStrategy: normal, platformName: windows, proxy: Proxy(), se:cdp: ws://localhost:60097/devtoo..., se:cdpVersion: 122.0.6261.131, setWindowRect: true, strictFileInteractability: false, timeouts: {implicit: 0, pageLoad: 300000, script: 30000}, unhandledPromptBehavior: dismiss and notify, webauthn:extension:credBlob: true, webauthn:extension:largeBlob: true, webauthn:extension:minPinLength: true, webauthn:extension:prf: true, webauthn:virtualAuthenticators: true}
Element: [[ChromeDriver: chrome on windows (e4e7b8fb3388b376c861179c56864d50)] -> xpath: //form[@id='answer_form']/div/div/div/textarea]
Session ID: e4e7b8fb3388b376c861179c56864d50]]>
            </message>
            <full-stacktrace>
              <![CDATA[org.openqa.selenium.ElementNotInteractableException: element not interactable
  (Session info: chrome=122.0.6261.131)
Build info: version: '4.18.1', revision: 'b1d3319b48'
System info: os.name: 'Windows 11', os.arch: 'amd64', os.version: '10.0', java.version: '21.0.2'
Driver info: org.openqa.selenium.chrome.ChromeDriver
Command: [e4e7b8fb3388b376c861179c56864d50, sendKeysToElement {id=f.1F022B1E7461650816311C0A010933FF.d.B469D015FC1C93CE52B06DBDAC878883.e.50, value=[Ljava.lang.CharSequence;@7f4ed738}]
Capabilities {acceptInsecureCerts: false, browserName: chrome, browserVersion: 122.0.6261.131, chrome: {chromedriverVersion: 122.0.6261.128 (f18a44fedeb..., userDataDir: C:\Users\12159\AppData\Loca...}, fedcm:accounts: true, goog:chromeOptions: {debuggerAddress: localhost:60097}, networkConnectionEnabled: false, pageLoadStrategy: normal, platformName: windows, proxy: Proxy(), se:cdp: ws://localhost:60097/devtoo..., se:cdpVersion: 122.0.6261.131, setWindowRect: true, strictFileInteractability: false, timeouts: {implicit: 0, pageLoad: 300000, script: 30000}, unhandledPromptBehavior: dismiss and notify, webauthn:extension:credBlob: true, webauthn:extension:largeBlob: true, webauthn:extension:minPinLength: true, webauthn:extension:prf: true, webauthn:virtualAuthenticators: true}
Element: [[ChromeDriver: chrome on windows (e4e7b8fb3388b376c861179c56864d50)] -> xpath: //form[@id='answer_form']/div/div/div/textarea]
Session ID: e4e7b8fb3388b376c861179c56864d50
at java.base/jdk.internal.reflect.DirectConstructorHandleAccessor.newInstance(DirectConstructorHandleAccessor.java:62)
at java.base/java.lang.reflect.Constructor.newInstanceWithCaller(Constructor.java:502)
at java.base/java.lang.reflect.Constructor.newInstance(Constructor.java:486)
at org.openqa.selenium.remote.ErrorCodec.decode(ErrorCodec.java:167)
at org.openqa.selenium.remote.codec.w3c.W3CHttpResponseCodec.decode(W3CHttpResponseCodec.java:138)
at org.openqa.selenium.remote.codec.w3c.W3CHttpResponseCodec.decode(W3CHttpResponseCodec.java:50)
at org.openqa.selenium.remote.HttpCommandExecutor.execute(HttpCommandExecutor.java:190)
at org.openqa.selenium.remote.service.DriverCommandExecutor.invokeExecute(DriverCommandExecutor.java:216)
at org.openqa.selenium.remote.service.DriverCommandExecutor.execute(DriverCommandExecutor.java:174)
at org.openqa.selenium.remote.RemoteWebDriver.execute(RemoteWebDriver.java:519)
at org.openqa.selenium.remote.RemoteWebElement.execute(RemoteWebElement.java:223)
at org.openqa.selenium.remote.RemoteWebElement.sendKeys(RemoteWebElement.java:110)
at dsalgo.pageobjects.TreePage.sendCodeToEditor(TreePage.java:69)
at dsalgo.stepdefinitions.GraphPageStepDefinitions.user_clicks_on_run_button_for_graph_entering_code_and(GraphPageStepDefinitions.java:95)
at ✽.User clicks on Run Button for graph entering code "Input and Output" and 2(file:///C:/Users/12159/git/DSAlgoProject/src/test/resources/Features/6Graph.feature:14)
]]>
            </full-stacktrace>
          </exception> <!-- org.openqa.selenium.ElementNotInteractableException -->
          <reporter-output>
          </reporter-output>
        </test-method> <!-- runScenario -->
        <test-method signature="runScenario(io.cucumber.testng.PickleWrapper,io.cucumber.testng.FeatureWrapper)[pri:0, instance:runner.TestRunner@50dfbc58]" started-at="2024-03-21T00:58:38 EDT" name="runScenario" description="Runs Cucumber Scenarios" data-provider="scenarios" finished-at="2024-03-21T00:59:43 EDT" duration-ms="65584" status="PASS">
          <params>
            <param index="0">
              <value>
                <![CDATA["testing Arrays Functionality"]]>
              </value>
            </param>
            <param index="1">
              <value>
                <![CDATA["Testing Array Module functionality"]]>
              </value>
            </param>
          </params>
          <reporter-output>
          </reporter-output>
        </test-method> <!-- runScenario -->
        <test-method signature="runScenario(io.cucumber.testng.PickleWrapper,io.cucumber.testng.FeatureWrapper)[pri:0, instance:runner.TestRunner@50dfbc58]" started-at="2024-03-21T00:58:38 EDT" name="runScenario" description="Runs Cucumber Scenarios" data-provider="scenarios" finished-at="2024-03-21T00:59:42 EDT" duration-ms="63150" status="PASS">
          <params>
            <param index="0">
              <value>
                <![CDATA["testing Arrays Functionality"]]>
              </value>
            </param>
            <param index="1">
              <value>
                <![CDATA["Testing Array Module functionality"]]>
              </value>
            </param>
          </params>
          <reporter-output>
          </reporter-output>
        </test-method> <!-- runScenario -->
        <test-method signature="runScenario(io.cucumber.testng.PickleWrapper,io.cucumber.testng.FeatureWrapper)[pri:0, instance:runner.TestRunner@50dfbc58]" started-at="2024-03-21T00:58:39 EDT" name="runScenario" description="Runs Cucumber Scenarios" data-provider="scenarios" finished-at="2024-03-21T00:59:40 EDT" duration-ms="60946" status="PASS">
          <params>
            <param index="0">
              <value>
                <![CDATA["testing Arrays Functionality"]]>
              </value>
            </param>
            <param index="1">
              <value>
                <![CDATA["Testing Array Module functionality"]]>
              </value>
            </param>
          </params>
          <reporter-output>
          </reporter-output>
        </test-method> <!-- runScenario -->
        <test-method signature="runScenario(io.cucumber.testng.PickleWrapper,io.cucumber.testng.FeatureWrapper)[pri:0, instance:runner.TestRunner@50dfbc58]" started-at="2024-03-21T00:58:39 EDT" name="runScenario" description="Runs Cucumber Scenarios" data-provider="scenarios" finished-at="2024-03-21T00:59:38 EDT" duration-ms="58845" status="PASS">
          <params>
            <param index="0">
              <value>
                <![CDATA["testing Arrays Functionality"]]>
              </value>
            </param>
            <param index="1">
              <value>
                <![CDATA["Testing Array Module functionality"]]>
              </value>
            </param>
          </params>
          <reporter-output>
          </reporter-output>
        </test-method> <!-- runScenario -->
        <test-method signature="runScenario(io.cucumber.testng.PickleWrapper,io.cucumber.testng.FeatureWrapper)[pri:0, instance:runner.TestRunner@50dfbc58]" started-at="2024-03-21T00:58:40 EDT" name="runScenario" description="Runs Cucumber Scenarios" data-provider="scenarios" finished-at="2024-03-21T00:58:45 EDT" duration-ms="5020" status="PASS">
          <params>
            <param index="0">
              <value>
                <![CDATA["testing Arrays Functionality"]]>
              </value>
            </param>
            <param index="1">
              <value>
                <![CDATA["Testing Array Module functionality"]]>
              </value>
            </param>
          </params>
          <reporter-output>
          </reporter-output>
        </test-method> <!-- runScenario -->
        <test-method signature="runScenario(io.cucumber.testng.PickleWrapper,io.cucumber.testng.FeatureWrapper)[pri:0, instance:runner.TestRunner@50dfbc58]" started-at="2024-03-21T00:58:44 EDT" name="runScenario" description="Runs Cucumber Scenarios" data-provider="scenarios" finished-at="2024-03-21T00:59:36 EDT" duration-ms="52707" status="PASS">
          <params>
            <param index="0">
              <value>
                <![CDATA["testing Arrays Functionality"]]>
              </value>
            </param>
            <param index="1">
              <value>
                <![CDATA["Testing Array Module functionality"]]>
              </value>
            </param>
          </params>
          <reporter-output>
          </reporter-output>
        </test-method> <!-- runScenario -->
        <test-method signature="runScenario(io.cucumber.testng.PickleWrapper,io.cucumber.testng.FeatureWrapper)[pri:0, instance:runner.TestRunner@50dfbc58]" started-at="2024-03-21T00:58:44 EDT" name="runScenario" description="Runs Cucumber Scenarios" data-provider="scenarios" finished-at="2024-03-21T00:59:35 EDT" duration-ms="50358" status="PASS">
          <params>
            <param index="0">
              <value>
                <![CDATA["testing Arrays Functionality"]]>
              </value>
            </param>
            <param index="1">
              <value>
                <![CDATA["Testing Array Module functionality"]]>
              </value>
            </param>
          </params>
          <reporter-output>
          </reporter-output>
        </test-method> <!-- runScenario -->
        <test-method signature="runScenario(io.cucumber.testng.PickleWrapper,io.cucumber.testng.FeatureWrapper)[pri:0, instance:runner.TestRunner@50dfbc58]" started-at="2024-03-21T00:58:45 EDT" name="runScenario" description="Runs Cucumber Scenarios" data-provider="scenarios" finished-at="2024-03-21T00:58:51 EDT" duration-ms="5753" status="PASS">
          <params>
            <param index="0">
              <value>
                <![CDATA["testing Arrays Functionality"]]>
              </value>
            </param>
            <param index="1">
              <value>
                <![CDATA["Testing Array Module functionality"]]>
              </value>
            </param>
          </params>
          <reporter-output>
          </reporter-output>
        </test-method> <!-- runScenario -->
        <test-method signature="runScenario(io.cucumber.testng.PickleWrapper,io.cucumber.testng.FeatureWrapper)[pri:0, instance:runner.TestRunner@50dfbc58]" started-at="2024-03-21T00:58:45 EDT" name="runScenario" description="Runs Cucumber Scenarios" data-provider="scenarios" finished-at="2024-03-21T00:59:33 EDT" duration-ms="47813" status="PASS">
          <params>
            <param index="0">
              <value>
                <![CDATA["testing Arrays Functionality"]]>
              </value>
            </param>
            <param index="1">
              <value>
                <![CDATA["Testing Array Module functionality"]]>
              </value>
            </param>
          </params>
          <reporter-output>
          </reporter-output>
        </test-method> <!-- runScenario -->
        <test-method signature="runScenario(io.cucumber.testng.PickleWrapper,io.cucumber.testng.FeatureWrapper)[pri:0, instance:runner.TestRunner@50dfbc58]" started-at="2024-03-21T00:58:48 EDT" name="runScenario" description="Runs Cucumber Scenarios" data-provider="scenarios" finished-at="2024-03-21T00:59:32 EDT" duration-ms="43619" status="PASS">
          <params>
            <param index="0">
              <value>
                <![CDATA["testing Arrays Functionality"]]>
              </value>
            </param>
            <param index="1">
              <value>
                <![CDATA["Testing Array Module functionality"]]>
              </value>
            </param>
          </params>
          <reporter-output>
          </reporter-output>
        </test-method> <!-- runScenario -->
        <test-method signature="runScenario(io.cucumber.testng.PickleWrapper,io.cucumber.testng.FeatureWrapper)[pri:0, instance:runner.TestRunner@50dfbc58]" started-at="2024-03-21T00:58:49 EDT" name="runScenario" description="Runs Cucumber Scenarios" data-provider="scenarios" finished-at="2024-03-21T00:58:57 EDT" duration-ms="8549" status="PASS">
          <params>
            <param index="0">
              <value>
                <![CDATA["testing Arrays Functionality"]]>
              </value>
            </param>
            <param index="1">
              <value>
                <![CDATA["Testing Array Module functionality"]]>
              </value>
            </param>
          </params>
          <reporter-output>
          </reporter-output>
        </test-method> <!-- runScenario -->
        <test-method signature="runScenario(io.cucumber.testng.PickleWrapper,io.cucumber.testng.FeatureWrapper)[pri:0, instance:runner.TestRunner@50dfbc58]" started-at="2024-03-21T00:58:51 EDT" name="runScenario" description="Runs Cucumber Scenarios" data-provider="scenarios" finished-at="2024-03-21T00:58:56 EDT" duration-ms="4582" status="PASS">
          <params>
            <param index="0">
              <value>
                <![CDATA["testing Arrays Functionality"]]>
              </value>
            </param>
            <param index="1">
              <value>
                <![CDATA["Testing Array Module functionality"]]>
              </value>
            </param>
          </params>
          <reporter-output>
          </reporter-output>
        </test-method> <!-- runScenario -->
        <test-method signature="runScenario(io.cucumber.testng.PickleWrapper,io.cucumber.testng.FeatureWrapper)[pri:0, instance:runner.TestRunner@50dfbc58]" started-at="2024-03-21T00:58:56 EDT" name="runScenario" description="Runs Cucumber Scenarios" data-provider="scenarios" finished-at="2024-03-21T00:59:01 EDT" duration-ms="5608" status="PASS">
          <params>
            <param index="0">
              <value>
                <![CDATA["testing on Array practice Questions"]]>
              </value>
            </param>
            <param index="1">
              <value>
                <![CDATA["Testing Array Module functionality"]]>
              </value>
            </param>
          </params>
          <reporter-output>
          </reporter-output>
        </test-method> <!-- runScenario -->
        <test-method signature="runScenario(io.cucumber.testng.PickleWrapper,io.cucumber.testng.FeatureWrapper)[pri:0, instance:runner.TestRunner@50dfbc58]" started-at="2024-03-21T00:58:57 EDT" name="runScenario" description="Runs Cucumber Scenarios" data-provider="scenarios" finished-at="2024-03-21T00:59:03 EDT" duration-ms="5386" status="PASS">
          <params>
            <param index="0">
              <value>
                <![CDATA["testing on Array practice Questions"]]>
              </value>
            </param>
            <param index="1">
              <value>
                <![CDATA["Testing Array Module functionality"]]>
              </value>
            </param>
          </params>
          <reporter-output>
          </reporter-output>
        </test-method> <!-- runScenario -->
        <test-method signature="runScenario(io.cucumber.testng.PickleWrapper,io.cucumber.testng.FeatureWrapper)[pri:0, instance:runner.TestRunner@50dfbc58]" started-at="2024-03-21T00:59:01 EDT" name="runScenario" description="Runs Cucumber Scenarios" data-provider="scenarios" finished-at="2024-03-21T00:59:07 EDT" duration-ms="5732" status="PASS">
          <params>
            <param index="0">
              <value>
                <![CDATA["testing on Array practice Questions"]]>
              </value>
            </param>
            <param index="1">
              <value>
                <![CDATA["Testing Array Module functionality"]]>
              </value>
            </param>
          </params>
          <reporter-output>
          </reporter-output>
        </test-method> <!-- runScenario -->
        <test-method signature="runScenario(io.cucumber.testng.PickleWrapper,io.cucumber.testng.FeatureWrapper)[pri:0, instance:runner.TestRunner@50dfbc58]" started-at="2024-03-21T00:59:03 EDT" name="runScenario" description="Runs Cucumber Scenarios" data-provider="scenarios" finished-at="2024-03-21T00:59:08 EDT" duration-ms="5349" status="PASS">
          <params>
            <param index="0">
              <value>
                <![CDATA["testing on Array practice Questions"]]>
              </value>
            </param>
            <param index="1">
              <value>
                <![CDATA["Testing Array Module functionality"]]>
              </value>
            </param>
          </params>
          <reporter-output>
          </reporter-output>
        </test-method> <!-- runScenario -->
        <test-method signature="runScenario(io.cucumber.testng.PickleWrapper,io.cucumber.testng.FeatureWrapper)[pri:0, instance:runner.TestRunner@50dfbc58]" started-at="2024-03-21T00:59:07 EDT" name="runScenario" description="Runs Cucumber Scenarios" data-provider="scenarios" finished-at="2024-03-21T00:59:12 EDT" duration-ms="5365" status="PASS">
          <params>
            <param index="0">
              <value>
                <![CDATA["testing on Array practice Questions"]]>
              </value>
            </param>
            <param index="1">
              <value>
                <![CDATA["Testing Array Module functionality"]]>
              </value>
            </param>
          </params>
          <reporter-output>
          </reporter-output>
        </test-method> <!-- runScenario -->
        <test-method signature="runScenario(io.cucumber.testng.PickleWrapper,io.cucumber.testng.FeatureWrapper)[pri:0, instance:runner.TestRunner@50dfbc58]" started-at="2024-03-21T00:59:08 EDT" name="runScenario" description="Runs Cucumber Scenarios" data-provider="scenarios" finished-at="2024-03-21T00:59:14 EDT" duration-ms="5549" status="PASS">
          <params>
            <param index="0">
              <value>
                <![CDATA["testing on Array practice Questions"]]>
              </value>
            </param>
            <param index="1">
              <value>
                <![CDATA["Testing Array Module functionality"]]>
              </value>
            </param>
          </params>
          <reporter-output>
          </reporter-output>
        </test-method> <!-- runScenario -->
        <test-method signature="runScenario(io.cucumber.testng.PickleWrapper,io.cucumber.testng.FeatureWrapper)[pri:0, instance:runner.TestRunner@50dfbc58]" started-at="2024-03-21T00:59:12 EDT" name="runScenario" description="Runs Cucumber Scenarios" data-provider="scenarios" finished-at="2024-03-21T00:59:18 EDT" duration-ms="5510" status="PASS">
          <params>
            <param index="0">
              <value>
                <![CDATA["testing on Array practice Questions"]]>
              </value>
            </param>
            <param index="1">
              <value>
                <![CDATA["Testing Array Module functionality"]]>
              </value>
            </param>
          </params>
          <reporter-output>
          </reporter-output>
        </test-method> <!-- runScenario -->
        <test-method signature="runScenario(io.cucumber.testng.PickleWrapper,io.cucumber.testng.FeatureWrapper)[pri:0, instance:runner.TestRunner@50dfbc58]" started-at="2024-03-21T00:59:14 EDT" name="runScenario" description="Runs Cucumber Scenarios" data-provider="scenarios" finished-at="2024-03-21T00:59:19 EDT" duration-ms="5372" status="PASS">
          <params>
            <param index="0">
              <value>
                <![CDATA["testing on Array practice Questions"]]>
              </value>
            </param>
            <param index="1">
              <value>
                <![CDATA["Testing Array Module functionality"]]>
              </value>
            </param>
          </params>
          <reporter-output>
          </reporter-output>
        </test-method> <!-- runScenario -->
        <test-method signature="runScenario(io.cucumber.testng.PickleWrapper,io.cucumber.testng.FeatureWrapper)[pri:0, instance:runner.TestRunner@50dfbc58]" started-at="2024-03-21T00:59:18 EDT" name="runScenario" description="Runs Cucumber Scenarios" data-provider="scenarios" finished-at="2024-03-21T00:59:23 EDT" duration-ms="5382" status="PASS">
          <params>
            <param index="0">
              <value>
                <![CDATA["testing on Array practice Questions"]]>
              </value>
            </param>
            <param index="1">
              <value>
                <![CDATA["Testing Array Module functionality"]]>
              </value>
            </param>
          </params>
          <reporter-output>
          </reporter-output>
        </test-method> <!-- runScenario -->
        <test-method signature="runScenario(io.cucumber.testng.PickleWrapper,io.cucumber.testng.FeatureWrapper)[pri:0, instance:runner.TestRunner@50dfbc58]" started-at="2024-03-21T00:59:19 EDT" name="runScenario" description="Runs Cucumber Scenarios" data-provider="scenarios" finished-at="2024-03-21T00:59:24 EDT" duration-ms="5483" status="PASS">
          <params>
            <param index="0">
              <value>
                <![CDATA["testing on Array practice Questions"]]>
              </value>
            </param>
            <param index="1">
              <value>
                <![CDATA["Testing Array Module functionality"]]>
              </value>
            </param>
          </params>
          <reporter-output>
          </reporter-output>
        </test-method> <!-- runScenario -->
        <test-method signature="runScenario(io.cucumber.testng.PickleWrapper,io.cucumber.testng.FeatureWrapper)[pri:0, instance:runner.TestRunner@50dfbc58]" started-at="2024-03-21T00:59:23 EDT" name="runScenario" description="Runs Cucumber Scenarios" data-provider="scenarios" finished-at="2024-03-21T00:59:29 EDT" duration-ms="5365" status="PASS">
          <params>
            <param index="0">
              <value>
                <![CDATA["testing on Array practice Questions"]]>
              </value>
            </param>
            <param index="1">
              <value>
                <![CDATA["Testing Array Module functionality"]]>
              </value>
            </param>
          </params>
          <reporter-output>
          </reporter-output>
        </test-method> <!-- runScenario -->
        <test-method signature="runScenario(io.cucumber.testng.PickleWrapper,io.cucumber.testng.FeatureWrapper)[pri:0, instance:runner.TestRunner@50dfbc58]" started-at="2024-03-21T00:59:24 EDT" name="runScenario" description="Runs Cucumber Scenarios" data-provider="scenarios" finished-at="2024-03-21T00:59:30 EDT" duration-ms="5374" status="PASS">
          <params>
            <param index="0">
              <value>
                <![CDATA["testing on Array practice Questions"]]>
              </value>
            </param>
            <param index="1">
              <value>
                <![CDATA["Testing Array Module functionality"]]>
              </value>
            </param>
          </params>
          <reporter-output>
          </reporter-output>
        </test-method> <!-- runScenario -->
        <test-method is-config="true" signature="tearDownClass()[pri:0, instance:runner.TestRunner@50dfbc58]" started-at="2024-03-21T00:59:43 EDT" name="tearDownClass" finished-at="2024-03-21T00:59:46 EDT" duration-ms="2541" status="PASS">
          <reporter-output>
          </reporter-output>
        </test-method> <!-- tearDownClass -->
      </class> <!-- runner.TestRunner -->
    </test> <!-- TestChrome -->
  </suite> <!-- Suite -->
</testng-results>
